{"/home/travis/build/npmtest/node-npmtest-jquery-file-upload-middleware/test.js":{"path":"/home/travis/build/npmtest/node-npmtest-jquery-file-upload-middleware/test.js","s":{"1":2,"2":2,"3":2,"4":2,"5":2,"6":2,"7":2,"8":1,"9":2,"10":2,"11":1,"12":1,"13":1,"14":1,"15":2,"16":2,"17":2,"18":2,"19":1,"20":1,"21":2,"22":2,"23":2,"24":1,"25":1,"26":1,"27":1,"28":1,"29":1,"30":1,"31":1,"32":1,"33":1,"34":1,"35":1,"36":1,"37":1,"38":1,"39":2,"40":2,"41":1,"42":2,"43":2,"44":1,"45":2,"46":2,"47":1,"48":2,"49":2,"50":1,"51":1,"52":1,"53":1,"54":1},"b":{"1":[2,1,1,1],"2":[1,1,1,1],"3":[1,1],"4":[1,1],"5":[1,1],"6":[1,1],"7":[1,1],"8":[1,1],"9":[1,1],"10":[1,1,1],"11":[1,1],"12":[1,1],"13":[1,1],"14":[1,1],"15":[1,1],"16":[1,1],"17":[1,1]},"f":{"1":2,"2":2,"3":2,"4":2,"5":2,"6":1,"7":1,"8":1,"9":2,"10":2,"11":2,"12":2,"13":1},"fnMap":{"1":{"name":"(anonymous_1)","line":12,"loc":{"start":{"line":12,"column":1},"end":{"line":12,"column":13}}},"2":{"name":"(anonymous_2)","line":19,"loc":{"start":{"line":19,"column":5},"end":{"line":19,"column":17}}},"3":{"name":"(anonymous_3)","line":23,"loc":{"start":{"line":23,"column":24},"end":{"line":23,"column":36}}},"4":{"name":"(anonymous_4)","line":61,"loc":{"start":{"line":61,"column":5},"end":{"line":61,"column":17}}},"5":{"name":"(anonymous_5)","line":82,"loc":{"start":{"line":82,"column":5},"end":{"line":82,"column":17}}},"6":{"name":"(anonymous_6)","line":91,"loc":{"start":{"line":91,"column":77},"end":{"line":94,"column":10}}},"7":{"name":"(anonymous_7)","line":112,"loc":{"start":{"line":112,"column":83},"end":{"line":115,"column":10}},"skip":true},"8":{"name":"(anonymous_8)","line":123,"loc":{"start":{"line":123,"column":77},"end":{"line":126,"column":10}},"skip":true},"9":{"name":"(anonymous_9)","line":139,"loc":{"start":{"line":139,"column":12},"end":{"line":139,"column":40}},"skip":true},"10":{"name":"(anonymous_10)","line":147,"loc":{"start":{"line":147,"column":77},"end":{"line":150,"column":10}},"skip":true},"11":{"name":"(anonymous_11)","line":158,"loc":{"start":{"line":158,"column":83},"end":{"line":161,"column":10}},"skip":true},"12":{"name":"(anonymous_12)","line":169,"loc":{"start":{"line":169,"column":79},"end":{"line":172,"column":10}},"skip":true},"13":{"name":"(anonymous_13)","line":180,"loc":{"start":{"line":180,"column":75},"end":{"line":183,"column":10}},"skip":true}},"statementMap":{"1":{"start":{"line":12,"column":0},"end":{"line":195,"column":5}},"2":{"start":{"line":14,"column":4},"end":{"line":14,"column":14}},"3":{"start":{"line":19,"column":4},"end":{"line":56,"column":9}},"4":{"start":{"line":21,"column":8},"end":{"line":21,"column":19}},"5":{"start":{"line":23,"column":8},"end":{"line":35,"column":13}},"6":{"start":{"line":24,"column":12},"end":{"line":34,"column":13}},"7":{"start":{"line":25,"column":16},"end":{"line":28,"column":30}},"8":{"start":{"line":30,"column":16},"end":{"line":33,"column":27}},"9":{"start":{"line":37,"column":8},"end":{"line":39,"column":21}},"10":{"start":{"line":40,"column":8},"end":{"line":53,"column":9}},"11":{"start":{"line":43,"column":12},"end":{"line":46,"column":14}},"12":{"start":{"line":47,"column":12},"end":{"line":47,"column":18}},"13":{"start":{"line":50,"column":12},"end":{"line":51,"column":46}},"14":{"start":{"line":52,"column":12},"end":{"line":52,"column":18}},"15":{"start":{"line":55,"column":8},"end":{"line":55,"column":35}},"16":{"start":{"line":61,"column":4},"end":{"line":63,"column":9}},"17":{"start":{"line":62,"column":8},"end":{"line":62,"column":15}},"18":{"start":{"line":64,"column":4},"end":{"line":77,"column":5}},"19":{"start":{"line":70,"column":8},"end":{"line":70,"column":14}},"20":{"start":{"line":76,"column":8},"end":{"line":76,"column":14}},"21":{"start":{"line":82,"column":4},"end":{"line":84,"column":9}},"22":{"start":{"line":83,"column":8},"end":{"line":83,"column":15}},"23":{"start":{"line":85,"column":4},"end":{"line":194,"column":5}},"24":{"start":{"line":91,"column":8},"end":{"line":99,"column":10}},"25":{"start":{"line":98,"column":12},"end":{"line":98,"column":35}},"26":{"start":{"line":102,"column":8},"end":{"line":104,"column":63}},"27":{"start":{"line":105,"column":8},"end":{"line":105,"column":14}},"28":{"start":{"line":112,"column":8},"end":{"line":121,"column":10},"skip":true},"29":{"start":{"line":119,"column":12},"end":{"line":119,"column":55},"skip":true},"30":{"start":{"line":120,"column":12},"end":{"line":120,"column":48},"skip":true},"31":{"start":{"line":123,"column":8},"end":{"line":136,"column":10},"skip":true},"32":{"start":{"line":130,"column":12},"end":{"line":130,"column":76},"skip":true},"33":{"start":{"line":131,"column":12},"end":{"line":131,"column":73},"skip":true},"34":{"start":{"line":132,"column":12},"end":{"line":132,"column":74},"skip":true},"35":{"start":{"line":133,"column":12},"end":{"line":133,"column":79},"skip":true},"36":{"start":{"line":134,"column":12},"end":{"line":134,"column":25},"skip":true},"37":{"start":{"line":135,"column":12},"end":{"line":135,"column":45},"skip":true},"38":{"start":{"line":138,"column":8},"end":{"line":145,"column":14},"skip":true},"39":{"start":{"line":143,"column":16},"end":{"line":143,"column":29},"skip":true},"40":{"start":{"line":144,"column":16},"end":{"line":144,"column":55},"skip":true},"41":{"start":{"line":147,"column":8},"end":{"line":156,"column":10},"skip":true},"42":{"start":{"line":154,"column":12},"end":{"line":154,"column":25},"skip":true},"43":{"start":{"line":155,"column":12},"end":{"line":155,"column":45},"skip":true},"44":{"start":{"line":158,"column":8},"end":{"line":167,"column":10},"skip":true},"45":{"start":{"line":165,"column":12},"end":{"line":165,"column":25},"skip":true},"46":{"start":{"line":166,"column":12},"end":{"line":166,"column":48},"skip":true},"47":{"start":{"line":169,"column":8},"end":{"line":178,"column":10},"skip":true},"48":{"start":{"line":176,"column":12},"end":{"line":176,"column":25},"skip":true},"49":{"start":{"line":177,"column":12},"end":{"line":177,"column":46},"skip":true},"50":{"start":{"line":180,"column":8},"end":{"line":189,"column":10},"skip":true},"51":{"start":{"line":187,"column":12},"end":{"line":187,"column":94},"skip":true},"52":{"start":{"line":188,"column":12},"end":{"line":188,"column":48},"skip":true},"53":{"start":{"line":192,"column":8},"end":{"line":192,"column":35},"skip":true},"54":{"start":{"line":193,"column":8},"end":{"line":193,"column":14},"skip":true}},"branchMap":{"1":{"line":25,"type":"binary-expr","locations":[{"start":{"line":25,"column":23},"end":{"line":25,"column":62}},{"start":{"line":26,"column":20},"end":{"line":26,"column":70}},{"start":{"line":27,"column":20},"end":{"line":27,"column":71}},{"start":{"line":28,"column":20},"end":{"line":28,"column":29}}]},"2":{"line":30,"type":"binary-expr","locations":[{"start":{"line":30,"column":23},"end":{"line":30,"column":37}},{"start":{"line":31,"column":20},"end":{"line":31,"column":61}},{"start":{"line":32,"column":20},"end":{"line":32,"column":70}},{"start":{"line":33,"column":20},"end":{"line":33,"column":26}}]},"3":{"line":37,"type":"cond-expr","locations":[{"start":{"line":38,"column":14},"end":{"line":38,"column":20}},{"start":{"line":39,"column":14},"end":{"line":39,"column":20}}]},"4":{"line":40,"type":"switch","locations":[{"start":{"line":42,"column":8},"end":{"line":47,"column":18}},{"start":{"line":49,"column":8},"end":{"line":52,"column":18}}]},"5":{"line":44,"type":"binary-expr","locations":[{"start":{"line":44,"column":16},"end":{"line":44,"column":44}},{"start":{"line":44,"column":48},"end":{"line":44,"column":66}}]},"6":{"line":50,"type":"binary-expr","locations":[{"start":{"line":50,"column":21},"end":{"line":50,"column":49}},{"start":{"line":50,"column":53},"end":{"line":50,"column":72}}]},"7":{"line":64,"type":"switch","locations":[{"start":{"line":69,"column":4},"end":{"line":70,"column":14}},{"start":{"line":75,"column":4},"end":{"line":76,"column":14}}]},"8":{"line":85,"type":"switch","locations":[{"start":{"line":90,"column":4},"end":{"line":105,"column":14}},{"start":{"line":111,"column":4},"end":{"line":193,"column":14},"skip":true}]},"9":{"line":91,"type":"binary-expr","locations":[{"start":{"line":91,"column":42},"end":{"line":91,"column":73}},{"start":{"line":91,"column":77},"end":{"line":99,"column":9}}]},"10":{"line":102,"type":"binary-expr","locations":[{"start":{"line":102,"column":18},"end":{"line":102,"column":32}},{"start":{"line":103,"column":12},"end":{"line":103,"column":53}},{"start":{"line":104,"column":12},"end":{"line":104,"column":61}}]},"11":{"line":112,"type":"binary-expr","locations":[{"start":{"line":112,"column":45},"end":{"line":112,"column":79},"skip":true},{"start":{"line":112,"column":83},"end":{"line":121,"column":9},"skip":true}]},"12":{"line":123,"type":"binary-expr","locations":[{"start":{"line":123,"column":42},"end":{"line":123,"column":73},"skip":true},{"start":{"line":123,"column":77},"end":{"line":136,"column":9},"skip":true}]},"13":{"line":138,"type":"binary-expr","locations":[{"start":{"line":138,"column":48},"end":{"line":138,"column":85},"skip":true},{"start":{"line":139,"column":12},"end":{"line":145,"column":13},"skip":true}]},"14":{"line":147,"type":"binary-expr","locations":[{"start":{"line":147,"column":42},"end":{"line":147,"column":73},"skip":true},{"start":{"line":147,"column":77},"end":{"line":156,"column":9},"skip":true}]},"15":{"line":158,"type":"binary-expr","locations":[{"start":{"line":158,"column":45},"end":{"line":158,"column":79},"skip":true},{"start":{"line":158,"column":83},"end":{"line":167,"column":9},"skip":true}]},"16":{"line":169,"type":"binary-expr","locations":[{"start":{"line":169,"column":43},"end":{"line":169,"column":75},"skip":true},{"start":{"line":169,"column":79},"end":{"line":178,"column":9},"skip":true}]},"17":{"line":180,"type":"binary-expr","locations":[{"start":{"line":180,"column":41},"end":{"line":180,"column":71},"skip":true},{"start":{"line":180,"column":75},"end":{"line":189,"column":9},"skip":true}]}},"code":["/* istanbul instrument in package npmtest_jquery_file_upload_middleware */","/*jslint","    bitwise: true,","    browser: true,","    maxerr: 8,","    maxlen: 96,","    node: true,","    nomen: true,","    regexp: true,","    stupid: true","*/","(function () {","    'use strict';","    var local;","","","","    // run shared js-env code - pre-init","    (function () {","        // init local","        local = {};","        // init modeJs","        local.modeJs = (function () {","            try {","                return typeof navigator.userAgent === 'string' &&","                    typeof document.querySelector('body') === 'object' &&","                    typeof XMLHttpRequest.prototype.open === 'function' &&","                    'browser';","            } catch (errorCaughtBrowser) {","                return module.exports &&","                    typeof process.versions.node === 'string' &&","                    typeof require('http').createServer === 'function' &&","                    'node';","            }","        }());","        // init global","        local.global = local.modeJs === 'browser'","            ? window","            : global;","        switch (local.modeJs) {","        // re-init local from window.local","        case 'browser':","            local = local.global.utility2.objectSetDefault(","                local.global.utility2_rollup || local.global.local,","                local.global.utility2","            );","            break;","        // re-init local from example.js","        case 'node':","            local = (local.global.utility2_rollup || require('utility2'))","                .requireExampleJsFromReadme();","            break;","        }","        // export local","        local.global.local = local;","    }());","","","","    // run shared js-env code - function","    (function () {","        return;","    }());","    switch (local.modeJs) {","","","","    // run browser js-env code - function","    case 'browser':","        break;","","","","    // run node js-env code - function","    case 'node':","        break;","    }","","","","    // run shared js-env code - post-init","    (function () {","        return;","    }());","    switch (local.modeJs) {","","","","    // run browser js-env code - post-init","    case 'browser':","        local.testCase_browser_nullCase = local.testCase_browser_nullCase || function (","            options,","            onError","        ) {","        /*","         * this function will test browsers's null-case handling-behavior-behavior","         */","            onError(null, options);","        };","","        // run tests","        local.nop(local.modeTest &&","            document.querySelector('#testRunButton1') &&","            document.querySelector('#testRunButton1').click());","        break;","","","","    // run node js-env code - post-init","    /* istanbul ignore next */","    case 'node':","        local.testCase_buildApidoc_default = local.testCase_buildApidoc_default || function (","            options,","            onError","        ) {","        /*","         * this function will test buildApidoc's default handling-behavior-behavior","         */","            options = { modulePathList: module.paths };","            local.buildApidoc(options, onError);","        };","","        local.testCase_buildApp_default = local.testCase_buildApp_default || function (","            options,","            onError","        ) {","        /*","         * this function will test buildApp's default handling-behavior-behavior","         */","            local.testCase_buildReadme_default(options, local.onErrorThrow);","            local.testCase_buildLib_default(options, local.onErrorThrow);","            local.testCase_buildTest_default(options, local.onErrorThrow);","            local.testCase_buildCustomOrg_default(options, local.onErrorThrow);","            options = [];","            local.buildApp(options, onError);","        };","","        local.testCase_buildCustomOrg_default = local.testCase_buildCustomOrg_default ||","            function (options, onError) {","            /*","             * this function will test buildCustomOrg's default handling-behavior","             */","                options = {};","                local.buildCustomOrg(options, onError);","            };","","        local.testCase_buildLib_default = local.testCase_buildLib_default || function (","            options,","            onError","        ) {","        /*","         * this function will test buildLib's default handling-behavior","         */","            options = {};","            local.buildLib(options, onError);","        };","","        local.testCase_buildReadme_default = local.testCase_buildReadme_default || function (","            options,","            onError","        ) {","        /*","         * this function will test buildReadme's default handling-behavior-behavior","         */","            options = {};","            local.buildReadme(options, onError);","        };","","        local.testCase_buildTest_default = local.testCase_buildTest_default || function (","            options,","            onError","        ) {","        /*","         * this function will test buildTest's default handling-behavior","         */","            options = {};","            local.buildTest(options, onError);","        };","","        local.testCase_webpage_default = local.testCase_webpage_default || function (","            options,","            onError","        ) {","        /*","         * this function will test webpage's default handling-behavior","         */","            options = { modeCoverageMerge: true, url: local.serverLocalHost + '?modeTest=1' };","            local.browserTest(options, onError);","        };","","        // run test-server","        local.testRunServer(local);","        break;","    }","}());",""],"l":{"12":2,"14":2,"19":2,"21":2,"23":2,"24":2,"25":2,"30":1,"37":2,"40":2,"43":1,"47":1,"50":1,"52":1,"55":2,"61":2,"62":2,"64":2,"70":1,"76":1,"82":2,"83":2,"85":2,"91":1,"98":1,"102":1,"105":1,"112":1,"119":1,"120":1,"123":1,"130":1,"131":1,"132":1,"133":1,"134":1,"135":1,"138":1,"143":2,"144":2,"147":1,"154":2,"155":2,"158":1,"165":2,"166":2,"169":1,"176":2,"177":2,"180":1,"187":1,"188":1,"192":1,"193":1}},"/home/travis/build/npmtest/node-npmtest-jquery-file-upload-middleware/lib.npmtest_jquery_file_upload_middleware.js":{"path":"/home/travis/build/npmtest/node-npmtest-jquery-file-upload-middleware/lib.npmtest_jquery_file_upload_middleware.js","s":{"1":2,"2":2,"3":2,"4":2,"5":2,"6":2,"7":2,"8":1,"9":2,"10":2,"11":2,"12":2,"13":1,"14":1,"15":1,"16":1},"b":{"1":[2,1,1,1],"2":[1,1,1,1],"3":[1,1],"4":[2,2],"5":[1,1]},"f":{"1":2,"2":2,"3":2},"fnMap":{"1":{"name":"(anonymous_1)","line":12,"loc":{"start":{"line":12,"column":1},"end":{"line":12,"column":13}}},"2":{"name":"(anonymous_2)","line":19,"loc":{"start":{"line":19,"column":5},"end":{"line":19,"column":17}}},"3":{"name":"(anonymous_3)","line":23,"loc":{"start":{"line":23,"column":24},"end":{"line":23,"column":36}}}},"statementMap":{"1":{"start":{"line":12,"column":0},"end":{"line":53,"column":5}},"2":{"start":{"line":14,"column":4},"end":{"line":14,"column":14}},"3":{"start":{"line":19,"column":4},"end":{"line":52,"column":9}},"4":{"start":{"line":21,"column":8},"end":{"line":21,"column":19}},"5":{"start":{"line":23,"column":8},"end":{"line":35,"column":13}},"6":{"start":{"line":24,"column":12},"end":{"line":34,"column":13}},"7":{"start":{"line":25,"column":16},"end":{"line":28,"column":30}},"8":{"start":{"line":30,"column":16},"end":{"line":33,"column":27}},"9":{"start":{"line":37,"column":8},"end":{"line":39,"column":21}},"10":{"start":{"line":41,"column":8},"end":{"line":41,"column":54}},"11":{"start":{"line":43,"column":8},"end":{"line":43,"column":74}},"12":{"start":{"line":45,"column":8},"end":{"line":51,"column":9}},"13":{"start":{"line":46,"column":12},"end":{"line":46,"column":80}},"14":{"start":{"line":48,"column":12},"end":{"line":48,"column":35}},"15":{"start":{"line":49,"column":12},"end":{"line":49,"column":49}},"16":{"start":{"line":50,"column":12},"end":{"line":50,"column":43}}},"branchMap":{"1":{"line":25,"type":"binary-expr","locations":[{"start":{"line":25,"column":23},"end":{"line":25,"column":62}},{"start":{"line":26,"column":20},"end":{"line":26,"column":70}},{"start":{"line":27,"column":20},"end":{"line":27,"column":71}},{"start":{"line":28,"column":20},"end":{"line":28,"column":29}}]},"2":{"line":30,"type":"binary-expr","locations":[{"start":{"line":30,"column":23},"end":{"line":30,"column":37}},{"start":{"line":31,"column":20},"end":{"line":31,"column":61}},{"start":{"line":32,"column":20},"end":{"line":32,"column":70}},{"start":{"line":33,"column":20},"end":{"line":33,"column":26}}]},"3":{"line":37,"type":"cond-expr","locations":[{"start":{"line":38,"column":14},"end":{"line":38,"column":20}},{"start":{"line":39,"column":14},"end":{"line":39,"column":20}}]},"4":{"line":41,"type":"binary-expr","locations":[{"start":{"line":41,"column":16},"end":{"line":41,"column":44}},{"start":{"line":41,"column":48},"end":{"line":41,"column":53}}]},"5":{"line":45,"type":"if","locations":[{"start":{"line":45,"column":8},"end":{"line":45,"column":8}},{"start":{"line":45,"column":8},"end":{"line":45,"column":8}}]}},"code":["/* istanbul instrument in package npmtest_jquery_file_upload_middleware */","/*jslint","    bitwise: true,","    browser: true,","    maxerr: 8,","    maxlen: 96,","    node: true,","    nomen: true,","    regexp: true,","    stupid: true","*/","(function () {","    'use strict';","    var local;","","","","    // run shared js-env code - pre-init","    (function () {","        // init local","        local = {};","        // init modeJs","        local.modeJs = (function () {","            try {","                return typeof navigator.userAgent === 'string' &&","                    typeof document.querySelector('body') === 'object' &&","                    typeof XMLHttpRequest.prototype.open === 'function' &&","                    'browser';","            } catch (errorCaughtBrowser) {","                return module.exports &&","                    typeof process.versions.node === 'string' &&","                    typeof require('http').createServer === 'function' &&","                    'node';","            }","        }());","        // init global","        local.global = local.modeJs === 'browser'","            ? window","            : global;","        // init utility2_rollup","        local = local.global.utility2_rollup || local;","        // init lib","        local.local = local.npmtest_jquery_file_upload_middleware = local;","        // init exports","        if (local.modeJs === 'browser') {","            local.global.utility2_npmtest_jquery_file_upload_middleware = local;","        } else {","            module.exports = local;","            module.exports.__dirname = __dirname;","            module.exports.module = module;","        }","    }());","}());",""],"l":{"12":2,"14":2,"19":2,"21":2,"23":2,"24":2,"25":2,"30":1,"37":2,"41":2,"43":2,"45":2,"46":1,"48":1,"49":1,"50":1}},"/home/travis/build/npmtest/node-npmtest-jquery-file-upload-middleware/example.js":{"path":"/home/travis/build/npmtest/node-npmtest-jquery-file-upload-middleware/example.js","s":{"1":2,"2":2,"3":2,"4":2,"5":2,"6":2,"7":2,"8":1,"9":2,"10":2,"11":2,"12":2,"13":1,"14":2,"15":2,"16":2,"17":2,"18":2,"19":0,"20":2,"21":1,"22":1,"23":1,"24":1,"25":1,"26":0,"27":0,"28":1,"29":1,"30":2,"31":0,"32":0,"33":0,"34":1,"35":2,"36":2,"37":3,"38":3,"39":3,"40":3,"41":0,"42":3,"43":3,"44":3,"45":1,"46":3,"47":1,"48":1,"49":1,"50":1,"51":1,"52":1,"53":1,"54":1,"55":1,"56":1,"57":0,"58":1,"59":6,"60":6,"61":1,"62":2,"63":0,"64":2,"65":1,"66":1,"67":0,"68":0,"69":0,"70":0,"71":0,"72":0,"73":0,"74":0,"75":0,"76":0,"77":0,"78":0,"79":0,"80":0,"81":0,"82":0,"83":0},"b":{"1":[2,1,1,1],"2":[1,1,1,1],"3":[1,1],"4":[2,2],"5":[1,1],"6":[1,1],"7":[2,0],"8":[2,1,1,1,1,1],"9":[0,2,0],"10":[1,1],"11":[2,1,1],"12":[1,0],"13":[0,2],"14":[2,0,0,0,0,0,0],"15":[0,3],"16":[3,0],"17":[1,1],"18":[0,1],"19":[1,2,0,2],"20":[1,0],"21":[1,1],"22":[0,0],"23":[0,0],"24":[0,0],"25":[0,0],"26":[0,0],"27":[0,0],"28":[0,0]},"f":{"1":2,"2":2,"3":2,"4":2,"5":2,"6":2,"7":3,"8":3,"9":3,"10":1,"11":6,"12":0},"fnMap":{"1":{"name":"(anonymous_1)","line":26,"loc":{"start":{"line":26,"column":1},"end":{"line":26,"column":13}}},"2":{"name":"(anonymous_2)","line":33,"loc":{"start":{"line":33,"column":5},"end":{"line":33,"column":17}}},"3":{"name":"(anonymous_3)","line":37,"loc":{"start":{"line":37,"column":24},"end":{"line":37,"column":36}}},"4":{"name":"(anonymous_4)","line":69,"loc":{"start":{"line":69,"column":31},"end":{"line":69,"column":48}},"skip":true},"5":{"name":"(anonymous_5)","line":78,"loc":{"start":{"line":78,"column":26},"end":{"line":78,"column":45}},"skip":true},"6":{"name":"(anonymous_6)","line":123,"loc":{"start":{"line":123,"column":33},"end":{"line":123,"column":48}},"skip":true},"7":{"name":"(anonymous_7)","line":125,"loc":{"start":{"line":125,"column":27},"end":{"line":125,"column":39}},"skip":true},"8":{"name":"(anonymous_8)","line":133,"loc":{"start":{"line":133,"column":59},"end":{"line":133,"column":74}},"skip":true},"9":{"name":"(anonymous_9)","line":143,"loc":{"start":{"line":143,"column":45},"end":{"line":143,"column":62}},"skip":true},"10":{"name":"(anonymous_10)","line":144,"loc":{"start":{"line":144,"column":73},"end":{"line":144,"column":92}},"skip":true},"11":{"name":"(anonymous_11)","line":272,"loc":{"start":{"line":272,"column":51},"end":{"line":272,"column":77}},"skip":true},"12":{"name":"(anonymous_12)","line":315,"loc":{"start":{"line":315,"column":32},"end":{"line":315,"column":61}},"skip":true}},"statementMap":{"1":{"start":{"line":26,"column":0},"end":{"line":326,"column":5}},"2":{"start":{"line":28,"column":4},"end":{"line":28,"column":14}},"3":{"start":{"line":33,"column":4},"end":{"line":60,"column":9}},"4":{"start":{"line":35,"column":8},"end":{"line":35,"column":19}},"5":{"start":{"line":37,"column":8},"end":{"line":49,"column":13}},"6":{"start":{"line":38,"column":12},"end":{"line":48,"column":13}},"7":{"start":{"line":39,"column":16},"end":{"line":42,"column":30}},"8":{"start":{"line":44,"column":16},"end":{"line":47,"column":27}},"9":{"start":{"line":51,"column":8},"end":{"line":53,"column":21}},"10":{"start":{"line":55,"column":8},"end":{"line":57,"column":45}},"11":{"start":{"line":59,"column":8},"end":{"line":59,"column":35}},"12":{"start":{"line":61,"column":4},"end":{"line":325,"column":5}},"13":{"start":{"line":69,"column":8},"end":{"line":121,"column":10},"skip":true},"14":{"start":{"line":70,"column":12},"end":{"line":88,"column":13},"skip":true},"15":{"start":{"line":76,"column":16},"end":{"line":87,"column":19},"skip":true},"16":{"start":{"line":79,"column":20},"end":{"line":86,"column":21},"skip":true},"17":{"start":{"line":82,"column":24},"end":{"line":82,"column":43},"skip":true},"18":{"start":{"line":83,"column":24},"end":{"line":83,"column":30},"skip":true},"19":{"start":{"line":85,"column":24},"end":{"line":85,"column":49},"skip":true},"20":{"start":{"line":89,"column":12},"end":{"line":107,"column":13},"skip":true},"21":{"start":{"line":92,"column":16},"end":{"line":102,"column":17},"skip":true},"22":{"start":{"line":93,"column":20},"end":{"line":93,"column":86},"skip":true},"23":{"start":{"line":94,"column":20},"end":{"line":95,"column":45},"skip":true},"24":{"start":{"line":96,"column":20},"end":{"line":96,"column":42},"skip":true},"25":{"start":{"line":97,"column":20},"end":{"line":97,"column":48},"skip":true},"26":{"start":{"line":100,"column":20},"end":{"line":100,"column":85},"skip":true},"27":{"start":{"line":101,"column":20},"end":{"line":101,"column":96},"skip":true},"28":{"start":{"line":103,"column":16},"end":{"line":103,"column":22},"skip":true},"29":{"start":{"line":106,"column":16},"end":{"line":106,"column":22},"skip":true},"30":{"start":{"line":108,"column":12},"end":{"line":120,"column":13},"skip":true},"31":{"start":{"line":114,"column":16},"end":{"line":119,"column":17},"skip":true},"32":{"start":{"line":116,"column":20},"end":{"line":116,"column":78},"skip":true},"33":{"start":{"line":118,"column":20},"end":{"line":118,"column":47},"skip":true},"34":{"start":{"line":123,"column":8},"end":{"line":141,"column":11},"skip":true},"35":{"start":{"line":124,"column":12},"end":{"line":124,"column":54},"skip":true},"36":{"start":{"line":125,"column":12},"end":{"line":140,"column":14},"skip":true},"37":{"start":{"line":126,"column":16},"end":{"line":126,"column":28},"skip":true},"38":{"start":{"line":127,"column":16},"end":{"line":127,"column":69},"skip":true},"39":{"start":{"line":128,"column":16},"end":{"line":128,"column":75},"skip":true},"40":{"start":{"line":129,"column":16},"end":{"line":131,"column":17},"skip":true},"41":{"start":{"line":130,"column":20},"end":{"line":130,"column":27},"skip":true},"42":{"start":{"line":133,"column":16},"end":{"line":137,"column":36},"skip":true},"43":{"start":{"line":134,"column":20},"end":{"line":136,"column":55},"skip":true},"44":{"start":{"line":139,"column":16},"end":{"line":139,"column":57},"skip":true},"45":{"start":{"line":143,"column":8},"end":{"line":147,"column":11},"skip":true},"46":{"start":{"line":144,"column":12},"end":{"line":146,"column":15},"skip":true},"47":{"start":{"line":145,"column":16},"end":{"line":145,"column":70},"skip":true},"48":{"start":{"line":149,"column":8},"end":{"line":149,"column":31},"skip":true},"49":{"start":{"line":150,"column":8},"end":{"line":150,"column":14},"skip":true},"50":{"start":{"line":158,"column":8},"end":{"line":158,"column":31},"skip":true},"51":{"start":{"line":160,"column":8},"end":{"line":160,"column":33},"skip":true},"52":{"start":{"line":161,"column":8},"end":{"line":161,"column":37},"skip":true},"53":{"start":{"line":162,"column":8},"end":{"line":162,"column":35},"skip":true},"54":{"start":{"line":164,"column":8},"end":{"line":164,"column":50},"skip":true},"55":{"start":{"line":166,"column":8},"end":{"line":256,"column":2},"skip":true},"56":{"start":{"line":258,"column":8},"end":{"line":286,"column":9},"skip":true},"57":{"start":{"line":259,"column":12},"end":{"line":269,"column":14},"skip":true},"58":{"start":{"line":271,"column":12},"end":{"line":285,"column":19},"skip":true},"59":{"start":{"line":274,"column":20},"end":{"line":274,"column":35},"skip":true},"60":{"start":{"line":275,"column":20},"end":{"line":284,"column":21},"skip":true},"61":{"start":{"line":277,"column":24},"end":{"line":277,"column":64},"skip":true},"62":{"start":{"line":279,"column":24},"end":{"line":279,"column":40},"skip":true},"63":{"start":{"line":281,"column":24},"end":{"line":281,"column":40},"skip":true},"64":{"start":{"line":283,"column":24},"end":{"line":283,"column":39},"skip":true},"65":{"start":{"line":288,"column":8},"end":{"line":290,"column":9},"skip":true},"66":{"start":{"line":289,"column":12},"end":{"line":289,"column":18},"skip":true},"67":{"start":{"line":291,"column":8},"end":{"line":293,"column":54},"skip":true},"68":{"start":{"line":296,"column":8},"end":{"line":301,"column":37},"skip":true},"69":{"start":{"line":303,"column":8},"end":{"line":303,"column":82},"skip":true},"70":{"start":{"line":306,"column":8},"end":{"line":308,"column":9},"skip":true},"71":{"start":{"line":307,"column":12},"end":{"line":307,"column":82},"skip":true},"72":{"start":{"line":310,"column":8},"end":{"line":312,"column":9},"skip":true},"73":{"start":{"line":311,"column":12},"end":{"line":311,"column":18},"skip":true},"74":{"start":{"line":313,"column":8},"end":{"line":313,"column":54},"skip":true},"75":{"start":{"line":314,"column":8},"end":{"line":314,"column":69},"skip":true},"76":{"start":{"line":315,"column":8},"end":{"line":323,"column":36},"skip":true},"77":{"start":{"line":316,"column":12},"end":{"line":316,"column":61},"skip":true},"78":{"start":{"line":317,"column":12},"end":{"line":320,"column":13},"skip":true},"79":{"start":{"line":318,"column":16},"end":{"line":318,"column":75},"skip":true},"80":{"start":{"line":319,"column":16},"end":{"line":319,"column":23},"skip":true},"81":{"start":{"line":321,"column":12},"end":{"line":321,"column":38},"skip":true},"82":{"start":{"line":322,"column":12},"end":{"line":322,"column":27},"skip":true},"83":{"start":{"line":324,"column":8},"end":{"line":324,"column":14},"skip":true}},"branchMap":{"1":{"line":39,"type":"binary-expr","locations":[{"start":{"line":39,"column":23},"end":{"line":39,"column":62}},{"start":{"line":40,"column":20},"end":{"line":40,"column":70}},{"start":{"line":41,"column":20},"end":{"line":41,"column":71}},{"start":{"line":42,"column":20},"end":{"line":42,"column":29}}]},"2":{"line":44,"type":"binary-expr","locations":[{"start":{"line":44,"column":23},"end":{"line":44,"column":37}},{"start":{"line":45,"column":20},"end":{"line":45,"column":61}},{"start":{"line":46,"column":20},"end":{"line":46,"column":70}},{"start":{"line":47,"column":20},"end":{"line":47,"column":26}}]},"3":{"line":51,"type":"cond-expr","locations":[{"start":{"line":52,"column":14},"end":{"line":52,"column":20}},{"start":{"line":53,"column":14},"end":{"line":53,"column":20}}]},"4":{"line":55,"type":"binary-expr","locations":[{"start":{"line":55,"column":16},"end":{"line":55,"column":44}},{"start":{"line":55,"column":49},"end":{"line":57,"column":43}}]},"5":{"line":55,"type":"cond-expr","locations":[{"start":{"line":56,"column":14},"end":{"line":56,"column":73}},{"start":{"line":57,"column":14},"end":{"line":57,"column":43}}]},"6":{"line":61,"type":"switch","locations":[{"start":{"line":68,"column":4},"end":{"line":150,"column":14},"skip":true},{"start":{"line":156,"column":4},"end":{"line":324,"column":14},"skip":true}]},"7":{"line":70,"type":"if","locations":[{"start":{"line":70,"column":12},"end":{"line":70,"column":12},"skip":true},{"start":{"line":70,"column":12},"end":{"line":70,"column":12},"skip":true}]},"8":{"line":70,"type":"binary-expr","locations":[{"start":{"line":70,"column":16},"end":{"line":70,"column":22},"skip":true},{"start":{"line":70,"column":27},"end":{"line":70,"column":32},"skip":true},{"start":{"line":71,"column":20},"end":{"line":71,"column":39},"skip":true},{"start":{"line":72,"column":20},"end":{"line":72,"column":49},"skip":true},{"start":{"line":73,"column":20},"end":{"line":73,"column":58},"skip":true},{"start":{"line":74,"column":20},"end":{"line":74,"column":69},"skip":true}]},"9":{"line":79,"type":"switch","locations":[{"start":{"line":80,"column":20},"end":{"line":80,"column":33},"skip":true},{"start":{"line":81,"column":20},"end":{"line":83,"column":30},"skip":true},{"start":{"line":84,"column":20},"end":{"line":85,"column":49},"skip":true}]},"10":{"line":89,"type":"switch","locations":[{"start":{"line":90,"column":12},"end":{"line":103,"column":22},"skip":true},{"start":{"line":105,"column":12},"end":{"line":106,"column":22},"skip":true}]},"11":{"line":89,"type":"binary-expr","locations":[{"start":{"line":89,"column":20},"end":{"line":89,"column":25},"skip":true},{"start":{"line":89,"column":29},"end":{"line":89,"column":48},"skip":true},{"start":{"line":89,"column":52},"end":{"line":89,"column":74},"skip":true}]},"12":{"line":92,"type":"if","locations":[{"start":{"line":92,"column":16},"end":{"line":92,"column":16},"skip":true},{"start":{"line":92,"column":16},"end":{"line":92,"column":16},"skip":true}]},"13":{"line":108,"type":"if","locations":[{"start":{"line":108,"column":12},"end":{"line":108,"column":12},"skip":true},{"start":{"line":108,"column":12},"end":{"line":108,"column":12},"skip":true}]},"14":{"line":108,"type":"binary-expr","locations":[{"start":{"line":108,"column":16},"end":{"line":108,"column":61},"skip":true},{"start":{"line":108,"column":66},"end":{"line":108,"column":72},"skip":true},{"start":{"line":108,"column":77},"end":{"line":108,"column":82},"skip":true},{"start":{"line":109,"column":20},"end":{"line":109,"column":39},"skip":true},{"start":{"line":110,"column":20},"end":{"line":110,"column":49},"skip":true},{"start":{"line":111,"column":20},"end":{"line":111,"column":58},"skip":true},{"start":{"line":112,"column":20},"end":{"line":112,"column":68},"skip":true}]},"15":{"line":129,"type":"if","locations":[{"start":{"line":129,"column":16},"end":{"line":129,"column":16},"skip":true},{"start":{"line":129,"column":16},"end":{"line":129,"column":16},"skip":true}]},"16":{"line":134,"type":"cond-expr","locations":[{"start":{"line":135,"column":26},"end":{"line":135,"column":29},"skip":true},{"start":{"line":136,"column":26},"end":{"line":136,"column":54},"skip":true}]},"17":{"line":164,"type":"binary-expr","locations":[{"start":{"line":164,"column":27},"end":{"line":164,"column":43},"skip":true},{"start":{"line":164,"column":47},"end":{"line":164,"column":49},"skip":true}]},"18":{"line":258,"type":"if","locations":[{"start":{"line":258,"column":8},"end":{"line":258,"column":8},"skip":true},{"start":{"line":258,"column":8},"end":{"line":258,"column":8},"skip":true}]},"19":{"line":275,"type":"switch","locations":[{"start":{"line":276,"column":20},"end":{"line":277,"column":64},"skip":true},{"start":{"line":278,"column":20},"end":{"line":279,"column":40},"skip":true},{"start":{"line":280,"column":20},"end":{"line":281,"column":40},"skip":true},{"start":{"line":282,"column":20},"end":{"line":283,"column":39},"skip":true}]},"20":{"line":288,"type":"if","locations":[{"start":{"line":288,"column":8},"end":{"line":288,"column":8},"skip":true},{"start":{"line":288,"column":8},"end":{"line":288,"column":8},"skip":true}]},"21":{"line":288,"type":"binary-expr","locations":[{"start":{"line":288,"column":12},"end":{"line":288,"column":40},"skip":true},{"start":{"line":288,"column":44},"end":{"line":288,"column":67},"skip":true}]},"22":{"line":292,"type":"binary-expr","locations":[{"start":{"line":292,"column":12},"end":{"line":292,"column":50},"skip":true},{"start":{"line":293,"column":12},"end":{"line":293,"column":53},"skip":true}]},"23":{"line":297,"type":"binary-expr","locations":[{"start":{"line":297,"column":12},"end":{"line":297,"column":87},"skip":true},{"start":{"line":298,"column":12},"end":{"line":301,"column":36},"skip":true}]},"24":{"line":303,"type":"binary-expr","locations":[{"start":{"line":303,"column":43},"end":{"line":303,"column":75},"skip":true},{"start":{"line":303,"column":79},"end":{"line":303,"column":81},"skip":true}]},"25":{"line":306,"type":"if","locations":[{"start":{"line":306,"column":8},"end":{"line":306,"column":8},"skip":true},{"start":{"line":306,"column":8},"end":{"line":306,"column":8},"skip":true}]},"26":{"line":310,"type":"if","locations":[{"start":{"line":310,"column":8},"end":{"line":310,"column":8},"skip":true},{"start":{"line":310,"column":8},"end":{"line":310,"column":8},"skip":true}]},"27":{"line":313,"type":"binary-expr","locations":[{"start":{"line":313,"column":27},"end":{"line":313,"column":43},"skip":true},{"start":{"line":313,"column":47},"end":{"line":313,"column":53},"skip":true}]},"28":{"line":317,"type":"if","locations":[{"start":{"line":317,"column":12},"end":{"line":317,"column":12},"skip":true},{"start":{"line":317,"column":12},"end":{"line":317,"column":12},"skip":true}]}},"code":["/*","example.js","","quickstart example","","instruction","    1. save this script as example.js","    2. run the shell command:","        $ npm install npmtest-jquery-file-upload-middleware && PORT=8081 node example.js","    3. play with the browser-demo on http://127.0.0.1:8081","*/","","","","/* istanbul instrument in package npmtest_jquery_file_upload_middleware */","/*jslint","    bitwise: true,","    browser: true,","    maxerr: 8,","    maxlen: 96,","    node: true,","    nomen: true,","    regexp: true,","    stupid: true","*/","(function () {","    'use strict';","    var local;","","","","    // run shared js-env code - pre-init","    (function () {","        // init local","        local = {};","        // init modeJs","        local.modeJs = (function () {","            try {","                return typeof navigator.userAgent === 'string' &&","                    typeof document.querySelector('body') === 'object' &&","                    typeof XMLHttpRequest.prototype.open === 'function' &&","                    'browser';","            } catch (errorCaughtBrowser) {","                return module.exports &&","                    typeof process.versions.node === 'string' &&","                    typeof require('http').createServer === 'function' &&","                    'node';","            }","        }());","        // init global","        local.global = local.modeJs === 'browser'","            ? window","            : global;","        // init utility2_rollup","        local = local.global.utility2_rollup || (local.modeJs === 'browser'","            ? local.global.utility2_npmtest_jquery_file_upload_middleware","            : global.utility2_moduleExports);","        // export local","        local.global.local = local;","    }());","    switch (local.modeJs) {","","","","    // post-init","    // run browser js-env code - post-init","    /* istanbul ignore next */","    case 'browser':","        local.testRunBrowser = function (event) {","            if (!event || (event &&","                    event.currentTarget &&","                    event.currentTarget.className &&","                    event.currentTarget.className.includes &&","                    event.currentTarget.className.includes('onreset'))) {","                // reset output","                Array.from(","                    document.querySelectorAll('body > .resettable')","                ).forEach(function (element) {","                    switch (element.tagName) {","                    case 'INPUT':","                    case 'TEXTAREA':","                        element.value = '';","                        break;","                    default:","                        element.textContent = '';","                    }","                });","            }","            switch (event && event.currentTarget && event.currentTarget.id) {","            case 'testRunButton1':","                // show tests","                if (document.querySelector('#testReportDiv1').style.display === 'none') {","                    document.querySelector('#testReportDiv1').style.display = 'block';","                    document.querySelector('#testRunButton1').textContent =","                        'hide internal test';","                    local.modeTest = true;","                    local.testRunDefault(local);","                // hide tests","                } else {","                    document.querySelector('#testReportDiv1').style.display = 'none';","                    document.querySelector('#testRunButton1').textContent = 'run internal test';","                }","                break;","            // custom-case","            default:","                break;","            }","            if (document.querySelector('#inputTextareaEval1') && (!event || (event &&","                    event.currentTarget &&","                    event.currentTarget.className &&","                    event.currentTarget.className.includes &&","                    event.currentTarget.className.includes('oneval')))) {","                // try to eval input-code","                try {","                    /*jslint evil: true*/","                    eval(document.querySelector('#inputTextareaEval1').value);","                } catch (errorCaught) {","                    console.error(errorCaught);","                }","            }","        };","        // log stderr and stdout to #outputTextareaStdout1","        ['error', 'log'].forEach(function (key) {","            console[key + '_original'] = console[key];","            console[key] = function () {","                var element;","                console[key + '_original'].apply(console, arguments);","                element = document.querySelector('#outputTextareaStdout1');","                if (!element) {","                    return;","                }","                // append text to #outputTextareaStdout1","                element.value += Array.from(arguments).map(function (arg) {","                    return typeof arg === 'string'","                        ? arg","                        : JSON.stringify(arg, null, 4);","                }).join(' ') + '\\n';","                // scroll textarea to bottom","                element.scrollTop = element.scrollHeight;","            };","        });","        // init event-handling","        ['change', 'click', 'keyup'].forEach(function (event) {","            Array.from(document.querySelectorAll('.on' + event)).forEach(function (element) {","                element.addEventListener(event, local.testRunBrowser);","            });","        });","        // run tests","        local.testRunBrowser();","        break;","","","","    // run node js-env code - post-init","    /* istanbul ignore next */","    case 'node':","        // export local","        module.exports = local;","        // require modules","        local.fs = require('fs');","        local.http = require('http');","        local.url = require('url');","        // init assets","        local.assetsDict = local.assetsDict || {};","        /* jslint-ignore-begin */","        local.assetsDict['/assets.index.template.html'] = '\\","<!doctype html>\\n\\","<html lang=\"en\">\\n\\","<head>\\n\\","<meta charset=\"UTF-8\">\\n\\","<meta name=\"viewport\" content=\"width=device-width, initial-scale=1\">\\n\\","<title>{{env.npm_package_name}} (v{{env.npm_package_version}})</title>\\n\\","<style>\\n\\","/*csslint\\n\\","    box-sizing: false,\\n\\","    universal-selector: false\\n\\","*/\\n\\","* {\\n\\","    box-sizing: border-box;\\n\\","}\\n\\","body {\\n\\","    background: #dde;\\n\\","    font-family: Arial, Helvetica, sans-serif;\\n\\","    margin: 2rem;\\n\\","}\\n\\","body > * {\\n\\","    margin-bottom: 1rem;\\n\\","}\\n\\",".utility2FooterDiv {\\n\\","    margin-top: 20px;\\n\\","    text-align: center;\\n\\","}\\n\\","</style>\\n\\","<style>\\n\\","/*csslint\\n\\","*/\\n\\","textarea {\\n\\","    font-family: monospace;\\n\\","    height: 10rem;\\n\\","    width: 100%;\\n\\","}\\n\\","textarea[readonly] {\\n\\","    background: #ddd;\\n\\","}\\n\\","</style>\\n\\","</head>\\n\\","<body>\\n\\","<!-- utility2-comment\\n\\","<div id=\"ajaxProgressDiv1\" style=\"background: #d00; height: 2px; left: 0; margin: 0; padding: 0; position: fixed; top: 0; transition: background 0.5s, width 1.5s; width: 25%;\"></div>\\n\\","utility2-comment -->\\n\\","<h1>\\n\\","<!-- utility2-comment\\n\\","    <a\\n\\","        {{#if env.npm_package_homepage}}\\n\\","        href=\"{{env.npm_package_homepage}}\"\\n\\","        {{/if env.npm_package_homepage}}\\n\\","        target=\"_blank\"\\n\\","    >\\n\\","utility2-comment -->\\n\\","        {{env.npm_package_name}} (v{{env.npm_package_version}})\\n\\","<!-- utility2-comment\\n\\","    </a>\\n\\","utility2-comment -->\\n\\","</h1>\\n\\","<h3>{{env.npm_package_description}}</h3>\\n\\","<!-- utility2-comment\\n\\","<h4><a download href=\"assets.app.js\">download standalone app</a></h4>\\n\\","<button class=\"onclick onreset\" id=\"testRunButton1\">run internal test</button><br>\\n\\","<div id=\"testReportDiv1\" style=\"display: none;\"></div>\\n\\","utility2-comment -->\\n\\","\\n\\","\\n\\","\\n\\","<label>stderr and stdout</label>\\n\\","<textarea class=\"resettable\" id=\"outputTextareaStdout1\" readonly></textarea>\\n\\","<!-- utility2-comment\\n\\","{{#if isRollup}}\\n\\","<script src=\"assets.app.js\"></script>\\n\\","{{#unless isRollup}}\\n\\","utility2-comment -->\\n\\","<script src=\"assets.utility2.rollup.js\"></script>\\n\\","<script src=\"jsonp.utility2._stateInit?callback=window.utility2._stateInit\"></script>\\n\\","<script src=\"assets.npmtest_jquery_file_upload_middleware.rollup.js\"></script>\\n\\","<script src=\"assets.example.js\"></script>\\n\\","<script src=\"assets.test.js\"></script>\\n\\","<!-- utility2-comment\\n\\","{{/if isRollup}}\\n\\","utility2-comment -->\\n\\","<div class=\"utility2FooterDiv\">\\n\\","    [ this app was created with\\n\\","    <a href=\"https://github.com/kaizhu256/node-utility2\" target=\"_blank\">utility2</a>\\n\\","    ]\\n\\","</div>\\n\\","</body>\\n\\","</html>\\n\\","';","        /* jslint-ignore-end */","        if (local.templateRender) {","            local.assetsDict['/'] = local.templateRender(","                local.assetsDict['/assets.index.template.html'],","                {","                    env: local.objectSetDefault(local.env, {","                        npm_package_description: 'the greatest app in the world!',","                        npm_package_name: 'my-app',","                        npm_package_nameAlias: 'my_app',","                        npm_package_version: '0.0.1'","                    })","                }","            );","        } else {","            local.assetsDict['/'] = local.assetsDict['/assets.index.template.html']","                .replace((/\\{\\{env\\.(\\w+?)\\}\\}/g), function (match0, match1) {","                    // jslint-hack","                    String(match0);","                    switch (match1) {","                    case 'npm_package_description':","                        return 'the greatest app in the world!';","                    case 'npm_package_name':","                        return 'my-app';","                    case 'npm_package_nameAlias':","                        return 'my_app';","                    case 'npm_package_version':","                        return '0.0.1';","                    }","                });","        }","        // run the cli","        if (local.global.utility2_rollup || module !== require.main) {","            break;","        }","        local.assetsDict['/assets.example.js'] =","            local.assetsDict['/assets.example.js'] ||","            local.fs.readFileSync(__filename, 'utf8');","        // bug-workaround - long $npm_package_buildCustomOrg","        /* jslint-ignore-begin */","        local.assetsDict['/assets.npmtest_jquery_file_upload_middleware.rollup.js'] =","            local.assetsDict['/assets.npmtest_jquery_file_upload_middleware.rollup.js'] ||","            local.fs.readFileSync(","                local.npmtest_jquery_file_upload_middleware.__dirname + '/lib.npmtest_jquery_file_upload_middleware.js',","                'utf8'","            ).replace((/^#!/), '//');","        /* jslint-ignore-end */","        local.assetsDict['/favicon.ico'] = local.assetsDict['/favicon.ico'] || '';","        // if $npm_config_timeout_exit exists,","        // then exit this process after $npm_config_timeout_exit ms","        if (Number(process.env.npm_config_timeout_exit)) {","            setTimeout(process.exit, Number(process.env.npm_config_timeout_exit));","        }","        // start server","        if (local.global.utility2_serverHttp1) {","            break;","        }","        process.env.PORT = process.env.PORT || '8081';","        console.error('server starting on port ' + process.env.PORT);","        local.http.createServer(function (request, response) {","            request.urlParsed = local.url.parse(request.url);","            if (local.assetsDict[request.urlParsed.pathname] !== undefined) {","                response.end(local.assetsDict[request.urlParsed.pathname]);","                return;","            }","            response.statusCode = 404;","            response.end();","        }).listen(process.env.PORT);","        break;","    }","}());",""],"l":{"26":2,"28":2,"33":2,"35":2,"37":2,"38":2,"39":2,"44":1,"51":2,"55":2,"59":2,"61":2,"69":1,"70":2,"76":2,"79":2,"82":2,"83":2,"85":1,"89":2,"92":1,"93":1,"94":1,"96":1,"97":1,"100":1,"101":1,"103":1,"106":1,"108":2,"114":1,"116":1,"118":1,"123":1,"124":2,"125":2,"126":3,"127":3,"128":3,"129":3,"130":1,"133":3,"134":3,"139":3,"143":1,"144":3,"145":1,"149":1,"150":1,"158":1,"160":1,"161":1,"162":1,"164":1,"166":1,"258":1,"259":1,"271":1,"274":6,"275":6,"277":1,"279":2,"281":1,"283":2,"288":1,"289":1,"291":1,"296":1,"303":1,"306":1,"307":1,"310":1,"311":1,"313":1,"314":1,"315":1,"316":1,"317":1,"318":1,"319":1,"321":1,"322":1,"324":1}},"/home/travis/build/npmtest/node-npmtest-jquery-file-upload-middleware/node_modules/jquery-file-upload-middleware/index.js":{"path":"/home/travis/build/npmtest/node-npmtest-jquery-file-upload-middleware/node_modules/jquery-file-upload-middleware/index.js","s":{"1":1,"2":1,"3":1,"4":1,"5":1,"6":1,"7":1,"8":1,"9":2,"10":2,"11":2,"12":0,"13":1,"14":1,"15":0,"16":1,"17":0,"18":1,"19":0,"20":1},"b":{"1":[2,0]},"f":{"1":1,"2":1,"3":2,"4":0,"5":0,"6":0,"7":0},"fnMap":{"1":{"name":"(anonymous_1)","line":5,"loc":{"start":{"line":5,"column":33},"end":{"line":5,"column":45}}},"2":{"name":"(anonymous_2)","line":12,"loc":{"start":{"line":12,"column":54},"end":{"line":12,"column":73}}},"3":{"name":"(anonymous_3)","line":34,"loc":{"start":{"line":34,"column":39},"end":{"line":34,"column":54}}},"4":{"name":"(anonymous_4)","line":37,"loc":{"start":{"line":37,"column":27},"end":{"line":37,"column":39}}},"5":{"name":"(anonymous_5)","line":46,"loc":{"start":{"line":46,"column":49},"end":{"line":46,"column":68}}},"6":{"name":"(anonymous_6)","line":50,"loc":{"start":{"line":50,"column":51},"end":{"line":50,"column":70}}},"7":{"name":"(anonymous_7)","line":54,"loc":{"start":{"line":54,"column":51},"end":{"line":54,"column":70}}}},"statementMap":{"1":{"start":{"line":1,"column":0},"end":{"line":3,"column":23}},"2":{"start":{"line":5,"column":0},"end":{"line":9,"column":2}},"3":{"start":{"line":6,"column":4},"end":{"line":6,"column":28}},"4":{"start":{"line":8,"column":4},"end":{"line":8,"column":43}},"5":{"start":{"line":10,"column":0},"end":{"line":10,"column":67}},"6":{"start":{"line":12,"column":0},"end":{"line":44,"column":1}},"7":{"start":{"line":13,"column":4},"end":{"line":32,"column":16}},"8":{"start":{"line":34,"column":4},"end":{"line":41,"column":7}},"9":{"start":{"line":35,"column":8},"end":{"line":40,"column":9}},"10":{"start":{"line":36,"column":12},"end":{"line":36,"column":45}},"11":{"start":{"line":37,"column":12},"end":{"line":39,"column":14}},"12":{"start":{"line":38,"column":16},"end":{"line":38,"column":36}},"13":{"start":{"line":43,"column":4},"end":{"line":43,"column":19}},"14":{"start":{"line":46,"column":0},"end":{"line":48,"column":2}},"15":{"start":{"line":47,"column":4},"end":{"line":47,"column":48}},"16":{"start":{"line":50,"column":0},"end":{"line":52,"column":2}},"17":{"start":{"line":51,"column":4},"end":{"line":51,"column":100}},"18":{"start":{"line":54,"column":0},"end":{"line":56,"column":2}},"19":{"start":{"line":55,"column":4},"end":{"line":55,"column":100}},"20":{"start":{"line":58,"column":0},"end":{"line":58,"column":50}}},"branchMap":{"1":{"line":35,"type":"if","locations":[{"start":{"line":35,"column":8},"end":{"line":35,"column":8}},{"start":{"line":35,"column":8},"end":{"line":35,"column":8}}]}},"code":["var _ = require('lodash'),","    EventEmitter = require('events').EventEmitter,","    os = require(\"os\");","","var JqueryFileUploadMiddleware = function () {","    EventEmitter.call(this);","    // setting default options","    this.options = this.prepareOptions({});","};","require('util').inherits(JqueryFileUploadMiddleware, EventEmitter);","","JqueryFileUploadMiddleware.prototype.prepareOptions = function (options) {","    options = _.extend({","        tmpDir: os.tmpdir(),","        uploadDir: __dirname + '/public/files',","        uploadUrl: '/files/',","        maxPostSize: 11000000000, // 11 GB","        minFileSize: 1,","        maxFileSize: 10000000000, // 10 GB","        acceptFileTypes: /.+/i,","        imageTypes: /\\.(gif|jpe?g|png)$/i,","        imageVersions: {","//            thumbnail: {","//                width: 80,","//                height: 80","//            }","        },","        accessControl: {","            allowOrigin: '*',","            allowMethods: 'OPTIONS, HEAD, GET, POST, PUT, DELETE'","        }","    }, options);","","    _.each(['uploadDir', 'uploadUrl'], function (key) {","        if (!_.isFunction(options[key])) {","            var originalValue = options[key];","            options[key] = function () {","                return originalValue","            };","        }","    });","","    return options;","}","","JqueryFileUploadMiddleware.prototype.configure = function (options) {","    this.options = this.prepareOptions(options);","};","","JqueryFileUploadMiddleware.prototype.fileHandler = function (options) {","    return require('./lib/filehandler')(this, this.prepareOptions(_.extend(this.options, options)));","};","","JqueryFileUploadMiddleware.prototype.fileManager = function (options) {","    return require('./lib/filemanager')(this, this.prepareOptions(_.extend(this.options, options)));","};","","module.exports = new JqueryFileUploadMiddleware();"],"l":{"1":1,"5":1,"6":1,"8":1,"10":1,"12":1,"13":1,"34":1,"35":2,"36":2,"37":2,"38":0,"43":1,"46":1,"47":0,"50":1,"51":0,"54":1,"55":0,"58":1}},"/home/travis/build/npmtest/node-npmtest-jquery-file-upload-middleware/node_modules/jquery-file-upload-middleware/lib/filehandler.js":{"path":"/home/travis/build/npmtest/node-npmtest-jquery-file-upload-middleware/node_modules/jquery-file-upload-middleware/lib/filehandler.js","s":{"1":1,"2":0,"3":0,"4":0,"5":0,"6":0,"7":0,"8":0,"9":0,"10":0,"11":0,"12":0,"13":0,"14":0,"15":0,"16":0,"17":0,"18":0,"19":0,"20":0,"21":0,"22":0,"23":0,"24":0,"25":0,"26":0,"27":0,"28":0,"29":0,"30":0},"b":{"1":[0,0],"2":[0,0],"3":[0,0],"4":[0,0,0,0,0,0]},"f":{"1":0,"2":0,"3":0,"4":0,"5":0,"6":0,"7":0,"8":0},"fnMap":{"1":{"name":"(anonymous_1)","line":1,"loc":{"start":{"line":1,"column":17},"end":{"line":1,"column":48}}},"2":{"name":"(anonymous_2)","line":3,"loc":{"start":{"line":3,"column":11},"end":{"line":3,"column":37}}},"3":{"name":"(anonymous_3)","line":9,"loc":{"start":{"line":9,"column":50},"end":{"line":9,"column":78}}},"4":{"name":"(anonymous_4)","line":23,"loc":{"start":{"line":23,"column":28},"end":{"line":23,"column":48}}},"5":{"name":"(anonymous_5)","line":26,"loc":{"start":{"line":26,"column":26},"end":{"line":26,"column":46}}},"6":{"name":"(anonymous_6)","line":29,"loc":{"start":{"line":29,"column":28},"end":{"line":29,"column":48}}},"7":{"name":"(anonymous_7)","line":32,"loc":{"start":{"line":32,"column":28},"end":{"line":32,"column":41}}},"8":{"name":"(anonymous_8)","line":35,"loc":{"start":{"line":35,"column":29},"end":{"line":35,"column":49}}}},"statementMap":{"1":{"start":{"line":1,"column":0},"end":{"line":57,"column":2}},"2":{"start":{"line":3,"column":4},"end":{"line":56,"column":5}},"3":{"start":{"line":4,"column":8},"end":{"line":7,"column":11}},"4":{"start":{"line":8,"column":8},"end":{"line":8,"column":64}},"5":{"start":{"line":9,"column":8},"end":{"line":21,"column":11}},"6":{"start":{"line":10,"column":12},"end":{"line":20,"column":13}},"7":{"start":{"line":11,"column":16},"end":{"line":11,"column":40}},"8":{"start":{"line":12,"column":16},"end":{"line":12,"column":96}},"9":{"start":{"line":14,"column":16},"end":{"line":18,"column":19}},"10":{"start":{"line":19,"column":16},"end":{"line":19,"column":45}},"11":{"start":{"line":23,"column":8},"end":{"line":25,"column":11}},"12":{"start":{"line":24,"column":12},"end":{"line":24,"column":57}},"13":{"start":{"line":26,"column":8},"end":{"line":28,"column":11}},"14":{"start":{"line":27,"column":12},"end":{"line":27,"column":55}},"15":{"start":{"line":29,"column":8},"end":{"line":31,"column":11}},"16":{"start":{"line":30,"column":12},"end":{"line":30,"column":57}},"17":{"start":{"line":32,"column":8},"end":{"line":34,"column":11}},"18":{"start":{"line":33,"column":12},"end":{"line":33,"column":50}},"19":{"start":{"line":35,"column":8},"end":{"line":37,"column":11}},"20":{"start":{"line":36,"column":12},"end":{"line":36,"column":58}},"21":{"start":{"line":39,"column":8},"end":{"line":55,"column":9}},"22":{"start":{"line":41,"column":16},"end":{"line":41,"column":26}},"23":{"start":{"line":42,"column":16},"end":{"line":42,"column":22}},"24":{"start":{"line":45,"column":16},"end":{"line":45,"column":30}},"25":{"start":{"line":46,"column":16},"end":{"line":46,"column":22}},"26":{"start":{"line":48,"column":16},"end":{"line":48,"column":31}},"27":{"start":{"line":49,"column":16},"end":{"line":49,"column":22}},"28":{"start":{"line":51,"column":16},"end":{"line":51,"column":34}},"29":{"start":{"line":52,"column":16},"end":{"line":52,"column":22}},"30":{"start":{"line":54,"column":16},"end":{"line":54,"column":30}}},"branchMap":{"1":{"line":10,"type":"if","locations":[{"start":{"line":10,"column":12},"end":{"line":10,"column":12}},{"start":{"line":10,"column":12},"end":{"line":10,"column":12}}]},"2":{"line":15,"type":"cond-expr","locations":[{"start":{"line":16,"column":26},"end":{"line":16,"column":44}},{"start":{"line":17,"column":26},"end":{"line":17,"column":38}}]},"3":{"line":15,"type":"binary-expr","locations":[{"start":{"line":15,"column":37},"end":{"line":15,"column":55}},{"start":{"line":15,"column":59},"end":{"line":15,"column":61}}]},"4":{"line":39,"type":"switch","locations":[{"start":{"line":40,"column":12},"end":{"line":42,"column":22}},{"start":{"line":43,"column":12},"end":{"line":43,"column":24}},{"start":{"line":44,"column":12},"end":{"line":46,"column":22}},{"start":{"line":47,"column":12},"end":{"line":49,"column":22}},{"start":{"line":50,"column":12},"end":{"line":52,"column":22}},{"start":{"line":53,"column":12},"end":{"line":54,"column":30}}]}},"code":["module.exports = function (middleware, options) {","","    return function (req, res, next) {","        res.set({","            'Access-Control-Allow-Origin': options.accessControl.allowOrigin,","            'Access-Control-Allow-Methods': options.accessControl.allowMethods","        });","        var UploadHandler = require('./uploadhandler')(options);","        var handler = new UploadHandler(req, res, function (result, redirect) {","            if (redirect) {","                files = {files: result};","                res.redirect(redirect.replace(/%s/, encodeURIComponent(JSON.stringify(files))));","            } else {","                res.set({","                    'Content-Type': (req.headers.accept || '').indexOf('application/json') !== -1","                        ? 'application/json'","                        : 'text/plain'","                });","                res.status(200).json(result);","            }","        });","","        handler.on('begin', function (fileInfo) {","            middleware.emit('begin', fileInfo, req, res);","        });","        handler.on('end', function (fileInfo) {","            middleware.emit('end', fileInfo, req, res);","        });","        handler.on('abort', function (fileInfo) {","            middleware.emit('abort', fileInfo, req, res);","        });","        handler.on('error', function (e) {","            middleware.emit('abort', e, req, res);","        });","        handler.on('delete', function (fileName) {","            middleware.emit('delete', fileName, req, res);","        });","","        switch (req.method) {","            case 'OPTIONS':","                res.end();","                break;","            case 'HEAD':","            case 'GET':","                handler.get();","                break;","            case 'POST':","                handler.post();","                break;","            case 'DELETE':","                handler.destroy();","                break;","            default:","                res.send(405);","        }","    }","};",""],"l":{"1":1,"3":0,"4":0,"8":0,"9":0,"10":0,"11":0,"12":0,"14":0,"19":0,"23":0,"24":0,"26":0,"27":0,"29":0,"30":0,"32":0,"33":0,"35":0,"36":0,"39":0,"41":0,"42":0,"45":0,"46":0,"48":0,"49":0,"51":0,"52":0,"54":0}},"/home/travis/build/npmtest/node-npmtest-jquery-file-upload-middleware/node_modules/jquery-file-upload-middleware/lib/fileinfo.js":{"path":"/home/travis/build/npmtest/node-npmtest-jquery-file-upload-middleware/node_modules/jquery-file-upload-middleware/lib/fileinfo.js","s":{"1":1,"2":1,"3":0,"4":0,"5":0,"6":0,"7":0,"8":0,"9":0,"10":0,"11":0,"12":0,"13":0,"14":0,"15":0,"16":0,"17":0,"18":0,"19":0,"20":0,"21":0,"22":0,"23":0,"24":0,"25":0},"b":{"1":[0,0],"2":[0,0],"3":[0,0],"4":[0,0],"5":[0,0],"6":[0,0],"7":[0,0],"8":[0,0]},"f":{"1":0,"2":0,"3":0,"4":0,"5":0,"6":0},"fnMap":{"1":{"name":"(anonymous_1)","line":4,"loc":{"start":{"line":4,"column":17},"end":{"line":4,"column":36}}},"2":{"name":"(anonymous_2)","line":6,"loc":{"start":{"line":6,"column":19},"end":{"line":6,"column":35}}},"3":{"name":"(anonymous_3)","line":14,"loc":{"start":{"line":14,"column":34},"end":{"line":14,"column":46}}},"4":{"name":"(anonymous_4)","line":25,"loc":{"start":{"line":25,"column":34},"end":{"line":25,"column":46}}},"5":{"name":"(anonymous_5)","line":30,"loc":{"start":{"line":30,"column":78},"end":{"line":30,"column":103}}},"6":{"name":"(anonymous_6)","line":36,"loc":{"start":{"line":36,"column":32},"end":{"line":36,"column":57}}}},"statementMap":{"1":{"start":{"line":1,"column":0},"end":{"line":2,"column":26}},"2":{"start":{"line":4,"column":0},"end":{"line":42,"column":2}},"3":{"start":{"line":6,"column":4},"end":{"line":12,"column":6}},"4":{"start":{"line":7,"column":8},"end":{"line":7,"column":30}},"5":{"start":{"line":8,"column":8},"end":{"line":8,"column":38}},"6":{"start":{"line":9,"column":8},"end":{"line":9,"column":30}},"7":{"start":{"line":10,"column":8},"end":{"line":10,"column":30}},"8":{"start":{"line":11,"column":8},"end":{"line":11,"column":35}},"9":{"start":{"line":14,"column":4},"end":{"line":23,"column":6}},"10":{"start":{"line":15,"column":8},"end":{"line":21,"column":9}},"11":{"start":{"line":16,"column":12},"end":{"line":16,"column":45}},"12":{"start":{"line":17,"column":15},"end":{"line":21,"column":9}},"13":{"start":{"line":18,"column":12},"end":{"line":18,"column":43}},"14":{"start":{"line":19,"column":15},"end":{"line":21,"column":9}},"15":{"start":{"line":20,"column":12},"end":{"line":20,"column":48}},"16":{"start":{"line":22,"column":8},"end":{"line":22,"column":27}},"17":{"start":{"line":25,"column":4},"end":{"line":34,"column":6}},"18":{"start":{"line":27,"column":8},"end":{"line":27,"column":76}},"19":{"start":{"line":29,"column":8},"end":{"line":33,"column":9}},"20":{"start":{"line":30,"column":12},"end":{"line":32,"column":15}},"21":{"start":{"line":31,"column":16},"end":{"line":31,"column":83}},"22":{"start":{"line":36,"column":4},"end":{"line":39,"column":5}},"23":{"start":{"line":37,"column":8},"end":{"line":37,"column":46}},"24":{"start":{"line":38,"column":8},"end":{"line":38,"column":66}},"25":{"start":{"line":41,"column":4},"end":{"line":41,"column":20}}},"branchMap":{"1":{"line":15,"type":"if","locations":[{"start":{"line":15,"column":8},"end":{"line":15,"column":8}},{"start":{"line":15,"column":8},"end":{"line":15,"column":8}}]},"2":{"line":15,"type":"binary-expr","locations":[{"start":{"line":15,"column":12},"end":{"line":15,"column":31}},{"start":{"line":15,"column":35},"end":{"line":15,"column":66}}]},"3":{"line":17,"type":"if","locations":[{"start":{"line":17,"column":15},"end":{"line":17,"column":15}},{"start":{"line":17,"column":15},"end":{"line":17,"column":15}}]},"4":{"line":17,"type":"binary-expr","locations":[{"start":{"line":17,"column":19},"end":{"line":17,"column":38}},{"start":{"line":17,"column":42},"end":{"line":17,"column":73}}]},"5":{"line":19,"type":"if","locations":[{"start":{"line":19,"column":15},"end":{"line":19,"column":15}},{"start":{"line":19,"column":15},"end":{"line":19,"column":15}}]},"6":{"line":31,"type":"binary-expr","locations":[{"start":{"line":31,"column":32},"end":{"line":31,"column":51}},{"start":{"line":31,"column":55},"end":{"line":31,"column":56}}]},"7":{"line":31,"type":"binary-expr","locations":[{"start":{"line":31,"column":72},"end":{"line":31,"column":75}},{"start":{"line":31,"column":79},"end":{"line":31,"column":81}}]},"8":{"line":37,"type":"cond-expr","locations":[{"start":{"line":37,"column":25},"end":{"line":37,"column":37}},{"start":{"line":37,"column":40},"end":{"line":37,"column":45}}]}},"code":["var fs = require('fs'),","    _ = require('lodash');","","module.exports = function (options) {","","    var FileInfo = function (file) {","        this.name = file.name;","        this.originalName = file.name;","        this.size = file.size;","        this.type = file.type;","        this.deleteType = 'DELETE';","    };","","    FileInfo.prototype.validate = function () {","        if (options.minFileSize && options.minFileSize > this.size) {","            this.error = 'File is too small';","        } else if (options.maxFileSize && options.maxFileSize < this.size) {","            this.error = 'File is too big';","        } else if (!options.acceptFileTypes.test(this.name)) {","            this.error = 'Filetype not allowed';","        }","        return !this.error;","    };","","    FileInfo.prototype.safeName = function () {","        // Prevent directory traversal and creating hidden system files:","        this.name = require('path').basename(this.name).replace(/^\\.+/, '');","        // Prevent overwriting existing files:","        while (fs.existsSync(options.baseDir() + '/' + this.name)) {","            this.name = this.name.replace(/(?:(?: \\(([\\d]+)\\))?(\\.[^.]+))?$/, function (s, index, ext) {","                return ' (' + ((parseInt(index, 10) || 0) + 1) + ')' + (ext || '');","            });","        }","    };","","    FileInfo.prototype.setUrl = function (type, baseUrl) {","        var key = type ? type + 'Url' : 'url';","        this[key] = baseUrl + '/' + encodeURIComponent(this.name);","    }","","    return FileInfo;","};"],"l":{"1":1,"4":1,"6":0,"7":0,"8":0,"9":0,"10":0,"11":0,"14":0,"15":0,"16":0,"17":0,"18":0,"19":0,"20":0,"22":0,"25":0,"27":0,"29":0,"30":0,"31":0,"36":0,"37":0,"38":0,"41":0}},"/home/travis/build/npmtest/node-npmtest-jquery-file-upload-middleware/node_modules/jquery-file-upload-middleware/lib/filemanager.js":{"path":"/home/travis/build/npmtest/node-npmtest-jquery-file-upload-middleware/node_modules/jquery-file-upload-middleware/lib/filemanager.js","s":{"1":1,"2":1,"3":0,"4":0,"5":0,"6":0,"7":0,"8":0,"9":0,"10":0,"11":0,"12":0,"13":0,"14":0,"15":0,"16":0,"17":0,"18":0,"19":0,"20":0,"21":0,"22":0,"23":0,"24":0,"25":0,"26":0,"27":0,"28":0,"29":0,"30":0,"31":0,"32":0,"33":0,"34":0,"35":0,"36":0,"37":0,"38":0,"39":0,"40":0,"41":0,"42":0,"43":0,"44":0,"45":0,"46":0,"47":0,"48":0,"49":0,"50":0,"51":0,"52":0,"53":0,"54":0,"55":0,"56":0,"57":0,"58":0,"59":0,"60":0,"61":0,"62":0,"63":0,"64":0,"65":0,"66":0,"67":0,"68":0,"69":0,"70":0,"71":0,"72":0,"73":0,"74":0,"75":0,"76":0,"77":0,"78":0,"79":0,"80":0,"81":0,"82":0,"83":0,"84":0,"85":0,"86":0,"87":0,"88":0,"89":0,"90":0,"91":0,"92":0,"93":0,"94":0,"95":0,"96":0},"b":{"1":[0,0],"2":[0,0],"3":[0,0],"4":[0,0],"5":[0,0],"6":[0,0],"7":[0,0],"8":[0,0],"9":[0,0],"10":[0,0],"11":[0,0],"12":[0,0],"13":[0,0],"14":[0,0],"15":[0,0],"16":[0,0],"17":[0,0],"18":[0,0],"19":[0,0],"20":[0,0],"21":[0,0],"22":[0,0],"23":[0,0],"24":[0,0]},"f":{"1":0,"2":0,"3":0,"4":0,"5":0,"6":0,"7":0,"8":0,"9":0,"10":0,"11":0,"12":0,"13":0,"14":0,"15":0,"16":0,"17":0,"18":0,"19":0,"20":0,"21":0,"22":0,"23":0,"24":0,"25":0,"26":0,"27":0,"28":0,"29":0,"30":0,"31":0},"fnMap":{"1":{"name":"(anonymous_1)","line":6,"loc":{"start":{"line":6,"column":17},"end":{"line":6,"column":48}}},"2":{"name":"(anonymous_2)","line":9,"loc":{"start":{"line":9,"column":19},"end":{"line":9,"column":31}}},"3":{"name":"(anonymous_3)","line":12,"loc":{"start":{"line":12,"column":19},"end":{"line":12,"column":31}}},"4":{"name":"(anonymous_4)","line":17,"loc":{"start":{"line":17,"column":39},"end":{"line":17,"column":54}}},"5":{"name":"(anonymous_5)","line":20,"loc":{"start":{"line":20,"column":27},"end":{"line":20,"column":39}}},"6":{"name":"(anonymous_6)","line":26,"loc":{"start":{"line":26,"column":22},"end":{"line":26,"column":34}}},"7":{"name":"(anonymous_7)","line":29,"loc":{"start":{"line":29,"column":37},"end":{"line":29,"column":57}}},"8":{"name":"(anonymous_8)","line":33,"loc":{"start":{"line":33,"column":21},"end":{"line":33,"column":33}}},"9":{"name":"(anonymous_9)","line":38,"loc":{"start":{"line":38,"column":47},"end":{"line":38,"column":68}}},"10":{"name":"(anonymous_10)","line":39,"loc":{"start":{"line":39,"column":25},"end":{"line":39,"column":41}}},"11":{"name":"(anonymous_11)","line":45,"loc":{"start":{"line":45,"column":50},"end":{"line":45,"column":76}}},"12":{"name":"(anonymous_12)","line":47,"loc":{"start":{"line":47,"column":84},"end":{"line":47,"column":102}}},"13":{"name":"(anonymous_13)","line":59,"loc":{"start":{"line":59,"column":19},"end":{"line":59,"column":54}}},"14":{"name":"(anonymous_14)","line":60,"loc":{"start":{"line":60,"column":40},"end":{"line":60,"column":58}}},"15":{"name":"(anonymous_15)","line":62,"loc":{"start":{"line":62,"column":80},"end":{"line":62,"column":105}}},"16":{"name":"(anonymous_16)","line":72,"loc":{"start":{"line":72,"column":19},"end":{"line":72,"column":55}}},"17":{"name":"(anonymous_17)","line":73,"loc":{"start":{"line":73,"column":34},"end":{"line":73,"column":49}}},"18":{"name":"(anonymous_18)","line":79,"loc":{"start":{"line":79,"column":29},"end":{"line":79,"column":44}}},"19":{"name":"(anonymous_19)","line":91,"loc":{"start":{"line":91,"column":15},"end":{"line":91,"column":54}}},"20":{"name":"(anonymous_20)","line":92,"loc":{"start":{"line":92,"column":29},"end":{"line":92,"column":47}}},"21":{"name":"(anonymous_21)","line":94,"loc":{"start":{"line":94,"column":34},"end":{"line":94,"column":49}}},"22":{"name":"(anonymous_22)","line":101,"loc":{"start":{"line":101,"column":32},"end":{"line":101,"column":53}}},"23":{"name":"(anonymous_23)","line":104,"loc":{"start":{"line":104,"column":71},"end":{"line":104,"column":91}}},"24":{"name":"(anonymous_24)","line":105,"loc":{"start":{"line":105,"column":77},"end":{"line":105,"column":92}}},"25":{"name":"(anonymous_25)","line":120,"loc":{"start":{"line":120,"column":33},"end":{"line":120,"column":74}}},"26":{"name":"(anonymous_26)","line":133,"loc":{"start":{"line":133,"column":54},"end":{"line":133,"column":75}}},"27":{"name":"(anonymous_27)","line":136,"loc":{"start":{"line":136,"column":74},"end":{"line":136,"column":99}}},"28":{"name":"(anonymous_28)","line":145,"loc":{"start":{"line":145,"column":41},"end":{"line":145,"column":56}}},"29":{"name":"(anonymous_29)","line":155,"loc":{"start":{"line":155,"column":58},"end":{"line":155,"column":84}}},"30":{"name":"(anonymous_30)","line":157,"loc":{"start":{"line":157,"column":96},"end":{"line":157,"column":114}}},"31":{"name":"(anonymous_31)","line":159,"loc":{"start":{"line":159,"column":132},"end":{"line":159,"column":157}}}},"statementMap":{"1":{"start":{"line":1,"column":0},"end":{"line":4,"column":31}},"2":{"start":{"line":6,"column":0},"end":{"line":180,"column":2}},"3":{"start":{"line":8,"column":4},"end":{"line":15,"column":16}},"4":{"start":{"line":10,"column":12},"end":{"line":10,"column":39}},"5":{"start":{"line":13,"column":12},"end":{"line":13,"column":39}},"6":{"start":{"line":17,"column":4},"end":{"line":24,"column":7}},"7":{"start":{"line":18,"column":8},"end":{"line":23,"column":9}},"8":{"start":{"line":19,"column":12},"end":{"line":19,"column":45}},"9":{"start":{"line":20,"column":12},"end":{"line":22,"column":14}},"10":{"start":{"line":21,"column":16},"end":{"line":21,"column":36}},"11":{"start":{"line":26,"column":4},"end":{"line":27,"column":6}},"12":{"start":{"line":29,"column":4},"end":{"line":57,"column":6}},"13":{"start":{"line":31,"column":8},"end":{"line":31,"column":23}},"14":{"start":{"line":32,"column":8},"end":{"line":32,"column":24}},"15":{"start":{"line":33,"column":8},"end":{"line":36,"column":10}},"16":{"start":{"line":34,"column":12},"end":{"line":35,"column":32}},"17":{"start":{"line":35,"column":16},"end":{"line":35,"column":32}},"18":{"start":{"line":38,"column":8},"end":{"line":56,"column":18}},"19":{"start":{"line":39,"column":12},"end":{"line":54,"column":21}},"20":{"start":{"line":40,"column":16},"end":{"line":40,"column":74}},"21":{"start":{"line":41,"column":16},"end":{"line":53,"column":17}},"22":{"start":{"line":42,"column":20},"end":{"line":44,"column":22}},"23":{"start":{"line":45,"column":20},"end":{"line":52,"column":23}},"24":{"start":{"line":46,"column":24},"end":{"line":46,"column":34}},"25":{"start":{"line":47,"column":24},"end":{"line":51,"column":27}},"26":{"start":{"line":48,"column":28},"end":{"line":49,"column":104}},"27":{"start":{"line":49,"column":32},"end":{"line":49,"column":104}},"28":{"start":{"line":50,"column":28},"end":{"line":50,"column":37}},"29":{"start":{"line":55,"column":12},"end":{"line":55,"column":21}},"30":{"start":{"line":59,"column":4},"end":{"line":70,"column":6}},"31":{"start":{"line":60,"column":8},"end":{"line":69,"column":11}},"32":{"start":{"line":61,"column":12},"end":{"line":68,"column":13}},"33":{"start":{"line":62,"column":16},"end":{"line":64,"column":19}},"34":{"start":{"line":63,"column":20},"end":{"line":63,"column":87}},"35":{"start":{"line":65,"column":16},"end":{"line":65,"column":49}},"36":{"start":{"line":67,"column":16},"end":{"line":67,"column":35}},"37":{"start":{"line":72,"column":4},"end":{"line":89,"column":6}},"38":{"start":{"line":73,"column":8},"end":{"line":88,"column":11}},"39":{"start":{"line":74,"column":12},"end":{"line":87,"column":13}},"40":{"start":{"line":75,"column":16},"end":{"line":75,"column":27}},"41":{"start":{"line":77,"column":16},"end":{"line":77,"column":53}},"42":{"start":{"line":78,"column":16},"end":{"line":78,"column":54}},"43":{"start":{"line":79,"column":16},"end":{"line":85,"column":19}},"44":{"start":{"line":80,"column":20},"end":{"line":84,"column":21}},"45":{"start":{"line":81,"column":24},"end":{"line":81,"column":52}},"46":{"start":{"line":83,"column":24},"end":{"line":83,"column":38}},"47":{"start":{"line":86,"column":16},"end":{"line":86,"column":28}},"48":{"start":{"line":91,"column":4},"end":{"line":118,"column":6}},"49":{"start":{"line":92,"column":8},"end":{"line":117,"column":11}},"50":{"start":{"line":93,"column":12},"end":{"line":116,"column":13}},"51":{"start":{"line":94,"column":16},"end":{"line":99,"column":19}},"52":{"start":{"line":95,"column":20},"end":{"line":98,"column":58}},"53":{"start":{"line":96,"column":24},"end":{"line":96,"column":38}},"54":{"start":{"line":98,"column":24},"end":{"line":98,"column":58}},"55":{"start":{"line":101,"column":16},"end":{"line":115,"column":19}},"56":{"start":{"line":102,"column":20},"end":{"line":114,"column":21}},"57":{"start":{"line":103,"column":24},"end":{"line":111,"column":25}},"58":{"start":{"line":104,"column":28},"end":{"line":108,"column":31}},"59":{"start":{"line":105,"column":32},"end":{"line":107,"column":35}},"60":{"start":{"line":106,"column":36},"end":{"line":106,"column":60}},"61":{"start":{"line":110,"column":28},"end":{"line":110,"column":75}},"62":{"start":{"line":113,"column":24},"end":{"line":113,"column":38}},"63":{"start":{"line":120,"column":4},"end":{"line":177,"column":5}},"64":{"start":{"line":122,"column":8},"end":{"line":122,"column":22}},"65":{"start":{"line":125,"column":8},"end":{"line":125,"column":63}},"66":{"start":{"line":127,"column":8},"end":{"line":131,"column":9}},"67":{"start":{"line":128,"column":12},"end":{"line":128,"column":63}},"68":{"start":{"line":129,"column":12},"end":{"line":129,"column":62}},"69":{"start":{"line":130,"column":12},"end":{"line":130,"column":28}},"70":{"start":{"line":133,"column":8},"end":{"line":176,"column":11}},"71":{"start":{"line":134,"column":12},"end":{"line":175,"column":13}},"72":{"start":{"line":135,"column":16},"end":{"line":172,"column":17}},"73":{"start":{"line":136,"column":20},"end":{"line":169,"column":23}},"74":{"start":{"line":137,"column":24},"end":{"line":168,"column":25}},"75":{"start":{"line":138,"column":28},"end":{"line":138,"column":42}},"76":{"start":{"line":140,"column":28},"end":{"line":142,"column":30}},"77":{"start":{"line":144,"column":28},"end":{"line":144,"column":44}},"78":{"start":{"line":145,"column":28},"end":{"line":150,"column":30}},"79":{"start":{"line":146,"column":32},"end":{"line":147,"column":48}},"80":{"start":{"line":147,"column":36},"end":{"line":147,"column":48}},"81":{"start":{"line":148,"column":32},"end":{"line":149,"column":69}},"82":{"start":{"line":149,"column":36},"end":{"line":149,"column":69}},"83":{"start":{"line":152,"column":28},"end":{"line":153,"column":70}},"84":{"start":{"line":153,"column":32},"end":{"line":153,"column":70}},"85":{"start":{"line":155,"column":28},"end":{"line":166,"column":31}},"86":{"start":{"line":156,"column":32},"end":{"line":156,"column":42}},"87":{"start":{"line":157,"column":32},"end":{"line":165,"column":35}},"88":{"start":{"line":158,"column":36},"end":{"line":164,"column":37}},"89":{"start":{"line":159,"column":40},"end":{"line":163,"column":43}},"90":{"start":{"line":160,"column":44},"end":{"line":161,"column":115}},"91":{"start":{"line":161,"column":48},"end":{"line":161,"column":115}},"92":{"start":{"line":162,"column":44},"end":{"line":162,"column":56}},"93":{"start":{"line":167,"column":28},"end":{"line":167,"column":37}},"94":{"start":{"line":171,"column":20},"end":{"line":171,"column":58}},"95":{"start":{"line":174,"column":16},"end":{"line":174,"column":30}},"96":{"start":{"line":179,"column":4},"end":{"line":179,"column":29}}},"branchMap":{"1":{"line":18,"type":"if","locations":[{"start":{"line":18,"column":8},"end":{"line":18,"column":8}},{"start":{"line":18,"column":8},"end":{"line":18,"column":8}}]},"2":{"line":34,"type":"if","locations":[{"start":{"line":34,"column":12},"end":{"line"
[...]
":{"start":{"line":26,"column":4},"end":{"line":39,"column":6}},"11":{"start":{"line":27,"column":8},"end":{"line":30,"column":11}},"12":{"start":{"line":31,"column":8},"end":{"line":38,"column":9}},"13":{"start":{"line":32,"column":12},"end":{"line":35,"column":15}},"14":{"start":{"line":37,"column":12},"end":{"line":37,"column":59}},"15":{"start":{"line":41,"column":4},"end":{"line":64,"column":6}},"16":{"start":{"line":42,"column":8},"end":{"line":42,"column":23}},"17":{"start":{"line":43,"column":8},"end":{"line":43,"column":23}},"18":{"start":{"line":44,"column":8},"end":{"line":63,"column":18}},"19":{"start":{"line":45,"column":12},"end":{"line":62,"column":22}},"20":{"start":{"line":46,"column":16},"end":{"line":58,"column":26}},"21":{"start":{"line":47,"column":20},"end":{"line":57,"column":33}},"22":{"start":{"line":48,"column":24},"end":{"line":51,"column":27}},"23":{"start":{"line":52,"column":24},"end":{"line":55,"column":27}},"24":{"start":{"line":53,"column":28},"end":{"line":53,"column":49}},"25":{"start":{"line":54,"column":28},"end":{"line":54,"column":36}},"26":{"start":{"line":57,"column":25},"end":{"line":57,"column":33}},"27":{"start":{"line":61,"column":16},"end":{"line":61,"column":46}},"28":{"start":{"line":66,"column":4},"end":{"line":178,"column":6}},"29":{"start":{"line":67,"column":8},"end":{"line":86,"column":21}},"30":{"start":{"line":75,"column":16},"end":{"line":85,"column":17}},"31":{"start":{"line":76,"column":20},"end":{"line":84,"column":30}},"32":{"start":{"line":77,"column":24},"end":{"line":80,"column":34}},"33":{"start":{"line":78,"column":28},"end":{"line":78,"column":55}},"34":{"start":{"line":79,"column":28},"end":{"line":79,"column":36}},"35":{"start":{"line":83,"column":24},"end":{"line":83,"column":64}},"36":{"start":{"line":88,"column":8},"end":{"line":88,"column":23}},"37":{"start":{"line":90,"column":8},"end":{"line":90,"column":40}},"38":{"start":{"line":91,"column":8},"end":{"line":177,"column":29}},"39":{"start":{"line":93,"column":16},"end":{"line":93,"column":41}},"40":{"start":{"line":94,"column":16},"end":{"line":94,"column":50}},"41":{"start":{"line":95,"column":16},"end":{"line":95,"column":36}},"42":{"start":{"line":96,"column":16},"end":{"line":96,"column":57}},"43":{"start":{"line":97,"column":16},"end":{"line":97,"column":37}},"44":{"start":{"line":98,"column":16},"end":{"line":98,"column":45}},"45":{"start":{"line":101,"column":16},"end":{"line":103,"column":17}},"46":{"start":{"line":102,"column":20},"end":{"line":102,"column":37}},"47":{"start":{"line":104,"column":16},"end":{"line":105,"column":41}},"48":{"start":{"line":105,"column":20},"end":{"line":105,"column":41}},"49":{"start":{"line":106,"column":16},"end":{"line":106,"column":46}},"50":{"start":{"line":109,"column":16},"end":{"line":109,"column":26}},"51":{"start":{"line":110,"column":16},"end":{"line":110,"column":61}},"52":{"start":{"line":111,"column":16},"end":{"line":160,"column":19}},"53":{"start":{"line":112,"column":20},"end":{"line":159,"column":34}},"54":{"start":{"line":113,"column":24},"end":{"line":113,"column":50}},"55":{"start":{"line":114,"column":24},"end":{"line":118,"column":25}},"56":{"start":{"line":115,"column":28},"end":{"line":115,"column":49}},"57":{"start":{"line":116,"column":28},"end":{"line":116,"column":37}},"58":{"start":{"line":117,"column":28},"end":{"line":117,"column":35}},"59":{"start":{"line":120,"column":24},"end":{"line":137,"column":25}},"60":{"start":{"line":121,"column":28},"end":{"line":136,"column":29}},"61":{"start":{"line":122,"column":32},"end":{"line":135,"column":35}},"62":{"start":{"line":123,"column":36},"end":{"line":123,"column":46}},"63":{"start":{"line":125,"column":36},"end":{"line":134,"column":39}},"64":{"start":{"line":126,"column":40},"end":{"line":126,"column":82}},"65":{"start":{"line":127,"column":40},"end":{"line":133,"column":51}},"66":{"start":{"line":139,"column":24},"end":{"line":157,"column":27}},"67":{"start":{"line":140,"column":28},"end":{"line":156,"column":31}},"68":{"start":{"line":141,"column":32},"end":{"line":155,"column":33}},"69":{"start":{"line":142,"column":36},"end":{"line":142,"column":55}},"70":{"start":{"line":143,"column":36},"end":{"line":143,"column":45}},"71":{"start":{"line":145,"column":36},"end":{"line":145,"column":76}},"72":{"start":{"line":146,"column":36},"end":{"line":146,"column":109}},"73":{"start":{"line":147,"column":36},"end":{"line":153,"column":39}},"74":{"start":{"line":148,"column":40},"end":{"line":151,"column":41}},"75":{"start":{"line":149,"column":44},"end":{"line":149,"column":65}},"76":{"start":{"line":150,"column":44},"end":{"line":150,"column":63}},"77":{"start":{"line":152,"column":40},"end":{"line":152,"column":49}},"78":{"start":{"line":154,"column":36},"end":{"line":154,"column":48}},"79":{"start":{"line":159,"column":25},"end":{"line":159,"column":34}},"80":{"start":{"line":163,"column":16},"end":{"line":167,"column":19}},"81":{"start":{"line":164,"column":20},"end":{"line":164,"column":60}},"82":{"start":{"line":165,"column":20},"end":{"line":165,"column":49}},"83":{"start":{"line":166,"column":20},"end":{"line":166,"column":36}},"84":{"start":{"line":170,"column":16},"end":{"line":170,"column":38}},"85":{"start":{"line":173,"column":16},"end":{"line":174,"column":50}},"86":{"start":{"line":174,"column":20},"end":{"line":174,"column":50}},"87":{"start":{"line":180,"column":4},"end":{"line":197,"column":6}},"88":{"start":{"line":181,"column":8},"end":{"line":182,"column":71}},"89":{"start":{"line":184,"column":8},"end":{"line":184,"column":64}},"90":{"start":{"line":185,"column":8},"end":{"line":189,"column":9}},"91":{"start":{"line":186,"column":12},"end":{"line":186,"column":42}},"92":{"start":{"line":187,"column":12},"end":{"line":187,"column":44}},"93":{"start":{"line":188,"column":12},"end":{"line":188,"column":19}},"94":{"start":{"line":190,"column":8},"end":{"line":196,"column":11}},"95":{"start":{"line":191,"column":12},"end":{"line":193,"column":15}},"96":{"start":{"line":192,"column":16},"end":{"line":192,"column":77}},"97":{"start":{"line":194,"column":12},"end":{"line":194,"column":42}},"98":{"start":{"line":195,"column":12},"end":{"line":195,"column":42}},"99":{"start":{"line":199,"column":4},"end":{"line":210,"column":6}},"100":{"start":{"line":200,"column":8},"end":{"line":200,"column":109}},"101":{"start":{"line":201,"column":8},"end":{"line":201,"column":61}},"102":{"start":{"line":202,"column":8},"end":{"line":202,"column":66}},"103":{"start":{"line":203,"column":8},"end":{"line":209,"column":12}},"104":{"start":{"line":204,"column":12},"end":{"line":207,"column":14}},"105":{"start":{"line":205,"column":16},"end":{"line":205,"column":100}},"106":{"start":{"line":205,"column":28},"end":{"line":205,"column":100}},"107":{"start":{"line":206,"column":16},"end":{"line":206,"column":25}},"108":{"start":{"line":212,"column":4},"end":{"line":212,"column":25}}},"branchMap":{"1":{"line":31,"type":"if","locations":[{"start":{"line":31,"column":8},"end":{"line":31,"column":8}},{"start":{"line":31,"column":8},"end":{"line":31,"column":8}}]},"2":{"line":31,"type":"binary-expr","locations":[{"start":{"line":31,"column":13},"end":{"line":31,"column":35}},{"start":{"line":31,"column":39},"end":{"line":31,"column":41}}]},"3":{"line":47,"type":"if","locations":[{"start":{"line":47,"column":20},"end":{"line":47,"column":20}},{"start":{"line":47,"column":20},"end":{"line":47,"column":20}}]},"4":{"line":47,"type":"binary-expr","locations":[{"start":{"line":47,"column":24},"end":{"line":47,"column":28}},{"start":{"line":47,"column":32},"end":{"line":47,"column":46}}]},"5":{"line":75,"type":"if","locations":[{"start":{"line":75,"column":16},"end":{"line":75,"column":16}},{"start":{"line":75,"column":16},"end":{"line":75,"column":16}}]},"6":{"line":101,"type":"if","locations":[{"start":{"line":101,"column":16},"end":{"line":101,"column":16}},{"start":{"line":101,"column":16},"end":{"line":101,"column":16}}]},"7":{"line":104,"type":"if","locations":[{"start":{"line":104,"column":16},"end":{"line":104,"column":16}},{"start":{"line":104,"column":16},"end":{"line":104,"column":16}}]},"8":{"line":112,"type":"if","locations":[{"start":{"line":112,"column":20},"end":{"line":112,"column":20}},{"start":{"line":112,"column":20},"end":{"line":112,"column":20}}]},"9":{"line":114,"type":"if","locations":[{"start":{"line":114,"column":24},"end":{"line":114,"column":24}},{"start":{"line":114,"column":24},"end":{"line":114,"column":24}}]},"10":{"line":121,"type":"if","locations":[{"start":{"line":121,"column":28},"end":{"line":121,"column":28}},{"start":{"line":121,"column":28},"end":{"line":121,"column":28}}]},"11":{"line":132,"type":"binary-expr","locations":[{"start":{"line":132,"column":56},"end":{"line":132,"column":70}},{"start":{"line":132,"column":74},"end":{"line":132,"column":90}}]},"12":{"line":141,"type":"if","locations":[{"start":{"line":141,"column":32},"end":{"line":141,"column":32}},{"start":{"line":141,"column":32},"end":{"line":141,"column":32}}]},"13":{"line":148,"type":"if","locations":[{"start":{"line":148,"column":40},"end":{"line":148,"column":40}},{"start":{"line":148,"column":40},"end":{"line":148,"column":40}}]},"14":{"line":173,"type":"if","locations":[{"start":{"line":173,"column":16},"end":{"line":173,"column":16}},{"start":{"line":173,"column":16},"end":{"line":173,"column":16}}]},"15":{"line":185,"type":"if","locations":[{"start":{"line":185,"column":8},"end":{"line":185,"column":8}},{"start":{"line":185,"column":8},"end":{"line":185,"column":8}}]},"16":{"line":200,"type":"cond-expr","locations":[{"start":{"line":200,"column":37},"end":{"line":200,"column":45}},{"start":{"line":200,"column":48},"end":{"line":200,"column":55}}]},"17":{"line":200,"type":"binary-expr","locations":[{"start":{"line":200,"column":67},"end":{"line":200,"column":83}},{"start":{"line":200,"column":87},"end":{"line":200,"column":107}}]},"18":{"line":205,"type":"if","locations":[{"start":{"line":205,"column":16},"end":{"line":205,"column":16}},{"start":{"line":205,"column":16},"end":{"line":205,"column":16}}]}},"code":["var EventEmitter = require('events').EventEmitter,","    path = require('path'),","    fs = require('fs'),","    formidable = require('formidable'),","    imageMagick = require('imagemagick'),","    mkdirp = require('mkdirp'),","    _ = require('lodash'),","    async = require('async');","","module.exports = function (options) {","","    var FileInfo = require('./fileinfo')(","        _.extend({","            baseDir: options.uploadDir","        }, _.pick(options, 'minFileSize', 'maxFileSize', 'acceptFileTypes'))","    );","","    var UploadHandler = function (req, res, callback) {","        EventEmitter.call(this);","        this.req = req;","        this.res = res;","        this.callback = callback;","    };","    require('util').inherits(UploadHandler, EventEmitter);","","    UploadHandler.prototype.noCache = function () {","        this.res.set({","            'Pragma': 'no-cache',","            'Cache-Control': 'no-store, no-cache, must-revalidate'","        });","        if ((this.req.get(\"Accept\") || \"\").indexOf(\"application/json\") != -1) {","            this.res.set({","                'Content-Type': 'application/json',","                'Content-Disposition': 'inline; filename=\"files.json\"'","            });","        } else {","            this.res.set({ 'Content-Type': 'text/plain' });","        }","    };","","    UploadHandler.prototype.get = function () {","        this.noCache();","        var files = [];","        fs.readdir(options.uploadDir(), _.bind(function (err, list) {","            async.each(list, _.bind(function(name, cb) {","                fs.stat(options.uploadDir() + '/' + name, _.bind(function(err, stats) {","                    if (!err && stats.isFile()) {","                        var fileInfo = new FileInfo({","                            name: name,","                            size: stats.size","                        });","                        this.initUrls(fileInfo, function(err) {","                            files.push(fileInfo);","                            cb(err);","                        });","                    }","                    else cb(err);","                }, this));","            }, this),","            _.bind(function(err) {","                this.callback({files: files});","            }, this));","        }, this));","    };","","    UploadHandler.prototype.post = function () {","        var self = this,","            form = new formidable.IncomingForm(),","            tmpFiles = [],","            files = [],","            map = {},","            counter = 1,","            redirect,","            finish = _.bind(function () {","                if (!--counter) {","                    async.each(files, _.bind(function(fileInfo, cb) {","                        this.initUrls(fileInfo, _.bind(function(err) {","                            this.emit('end', fileInfo);","                            cb(err);","                        }, this));","                    }, this),","                    _.bind(function(err) {","                        this.callback({files: files}, redirect);","                    }, this));","                }","            }, this);","","        this.noCache();","","        form.uploadDir = options.tmpDir;","        form","            .on('fileBegin', function (name, file) {","                tmpFiles.push(file.path);","                var fileInfo = new FileInfo(file);","                fileInfo.safeName();","                map[path.basename(file.path)] = fileInfo;","                files.push(fileInfo);","                self.emit('begin', fileInfo);","            })","            .on('field', function (name, value) {","                if (name === 'redirect') {","                    redirect = value;","                }","                if ( !self.req.fields )","                    self.req.fields = {};","                self.req.fields[name] = value;","            })","            .on('file', function (name, file) {","                counter++;","                var fileInfo = map[path.basename(file.path)];","                fs.exists(file.path, function(exists) {","                    if (exists) {","                        fileInfo.size = file.size;","                        if (!fileInfo.validate()) {","                            fs.unlink(file.path);","                            finish();","                            return;","                        }","","                        var generatePreviews = function () {","                            if (options.imageTypes.test(fileInfo.name)) {","                                _.each(options.imageVersions, function (value, version) {","                                    counter++;","                                    // creating directory recursive","                                    mkdirp(options.uploadDir() + '/' + version + '/', function (err, made) {","                                        var opts = options.imageVersions[version];","                                        imageMagick.resize({","                                            width: opts.width,","                                            height: opts.height,","                                            srcPath: options.uploadDir() + '/' + fileInfo.name,","                                            dstPath: options.uploadDir() + '/' + version + '/' + fileInfo.name,","                                            customArgs: opts.imageArgs || ['-auto-orient']","                                        }, finish);","                                    });","                                });","                            }","                        }","","                        mkdirp(options.uploadDir() + '/', function(err, made) {","                            fs.rename(file.path, options.uploadDir() + '/' + fileInfo.name, function (err) {","                                if (!err) {","                                    generatePreviews();","                                    finish();","                                } else {","                                    var is = fs.createReadStream(file.path);","                                    var os = fs.createWriteStream(options.uploadDir() + '/' + fileInfo.name);","                                    is.on('end', function (err) {","                                        if (!err) {","                                            fs.unlink(file.path);","                                            generatePreviews();","                                        }","                                        finish();","                                    });","                                    is.pipe(os);","                                }","                            });","                        });","                    }","                    else finish();","                });","            })","            .on('aborted', function () {","                _.each(tmpFiles, function (file) {","                    var fileInfo = map[path.basename(file)];","                    self.emit('abort', fileInfo);","                    fs.unlink(file);","                });","            })","            .on('error', function (e) {","                self.emit('error', e);","            })","            .on('progress', function (bytesReceived, bytesExpected) {","                if (bytesReceived > options.maxPostSize)","                    self.req.connection.destroy();","            })","            .on('end', finish)","            .parse(self.req);","    };","","    UploadHandler.prototype.destroy = function () {","        var self = this,","            fileName = path.basename(decodeURIComponent(this.req.url));","","        var filepath = path.join(options.uploadDir(), fileName);","        if (filepath.indexOf(options.uploadDir()) !== 0) {","            self.emit('delete', fileName);","            self.callback({success: false});","            return;","        }","        fs.unlink(filepath, function (ex) {","            _.each(options.imageVersions, function (value, version) {","                fs.unlink(path.join(options.uploadDir(), version, fileName));","            });","            self.emit('delete', fileName);","            self.callback({success: !ex});","        });","    };","","    UploadHandler.prototype.initUrls = function (fileInfo, cb) {","        var baseUrl = (options.ssl ? 'https:' : 'http:') + '//' + (options.hostname || this.req.get('Host'));","        fileInfo.setUrl(null, baseUrl + options.uploadUrl());","        fileInfo.setUrl('delete', baseUrl + this.req.originalUrl);","        async.each(Object.keys(options.imageVersions), function(version, cb) {","            fs.exists(options.uploadDir() + '/' + version + '/' + fileInfo.name, function(exists) {","                if (exists) fileInfo.setUrl(version, baseUrl + options.uploadUrl() + '/' + version);","                cb(null);","            })","        },","        cb);","    };","","    return UploadHandler;","}","",""],"l":{"1":1,"10":1,"12":0,"18":0,"19":0,"20":0,"21":0,"22":0,"24":0,"26":0,"27":0,"31":0,"32":0,"37":0,"41":0,"42":0,"43":0,"44":0,"45":0,"46":0,"47":0,"48":0,"52":0,"53":0,"54":0,"57":0,"61":0,"66":0,"67":0,"75":0,"76":0,"77":0,"78":0,"79":0,"83":0,"88":0,"90":0,"91":0,"93":0,"94":0,"95":0,"96":0,"97":0,"98":0,"101":0,"102":0,"104":0,"105":0,"106":0,"109":0,"110":0,"111":0,"112":0,"113":0,"114":0,"115":0,"116":0,"117":0,"120":0,"121":0,"122":0,"123":0,"125":0,"126":0,"127":0,"139":0,"140":0,"141":0,"142":0,"143":0,"145":0,"146":0,"147":0,"148":0,"149":0,"150":0,"152":0,"154":0,"159":0,"163":0,"164":0,"165":0,"166":0,"170":0,"173":0,"174":0,"180":0,"181":0,"184":0,"185":0,"186":0,"187":0,"188":0,"190":0,"191":0,"192":0,"194":0,"195":0,"199":0,"200":0,"201":0,"202":0,"203":0,"204":0,"205":0,"206":0,"212":0}}}